
===========================================================================
 report_power
============================================================================
======================= Fastest Corner ===================================

Group                  Internal  Switching    Leakage      Total
                          Power      Power      Power      Power (Watts)
----------------------------------------------------------------
Sequential             3.15e-04   4.75e-05   2.19e-07   3.62e-04  39.3%
Combinational          3.64e-04   1.96e-04   2.78e-09   5.60e-04  60.7%
Macro                  0.00e+00   0.00e+00   0.00e+00   0.00e+00   0.0%
Pad                    0.00e+00   0.00e+00   0.00e+00   0.00e+00   0.0%
----------------------------------------------------------------
Total                  6.79e-04   2.44e-04   2.21e-07   9.23e-04 100.0%
                          73.6%      26.4%       0.0%

======================= Slowest Corner ===================================

Group                  Internal  Switching    Leakage      Total
                          Power      Power      Power      Power (Watts)
----------------------------------------------------------------
Sequential             2.12e-04   3.02e-05   9.16e-07   2.43e-04  38.8%
Combinational          2.57e-04   1.26e-04   1.13e-06   3.83e-04  61.2%
Macro                  0.00e+00   0.00e+00   0.00e+00   0.00e+00   0.0%
Pad                    0.00e+00   0.00e+00   0.00e+00   0.00e+00   0.0%
----------------------------------------------------------------
Total                  4.68e-04   1.56e-04   2.04e-06   6.26e-04 100.0%
                          74.8%      24.9%       0.3%

======================= Typical Corner ===================================

Group                  Internal  Switching    Leakage      Total
                          Power      Power      Power      Power (Watts)
----------------------------------------------------------------
Sequential             2.72e-04   3.93e-05   2.19e-07   3.12e-04  39.3%
Combinational          3.19e-04   1.64e-04   1.30e-09   4.82e-04  60.7%
Macro                  0.00e+00   0.00e+00   0.00e+00   0.00e+00   0.0%
Pad                    0.00e+00   0.00e+00   0.00e+00   0.00e+00   0.0%
----------------------------------------------------------------
Total                  5.91e-04   2.03e-04   2.20e-07   7.94e-04 100.0%
                          74.4%      25.5%       0.0%

