
===========================================================================
report_checks -unconstrained
===========================================================================
======================= Typical Corner ===================================

Startpoint: reset_n (input port clocked by scan_clk)
Endpoint: _250_ (recovery check against rising-edge clock scan_clk)
Path Group: asynchronous
Path Type: max

Fanout     Cap    Slew   Delay    Time   Description
-----------------------------------------------------------------------------
                  0.15    0.00    0.00   clock scan_clk (rise edge)
                          0.00    0.00   clock network delay (ideal)
                          2.00    2.00 ^ input external delay
                  0.02    0.01    2.01 ^ reset_n (in)
     1    0.00                           reset_n (net)
                  0.02    0.00    2.01 ^ input1/A (sky130_fd_sc_hd__buf_1)
                  0.11    0.13    2.14 ^ input1/X (sky130_fd_sc_hd__buf_1)
     2    0.01                           net1 (net)
                  0.11    0.00    2.14 ^ fanout10/A (sky130_fd_sc_hd__buf_2)
                  0.15    0.22    2.36 ^ fanout10/X (sky130_fd_sc_hd__buf_2)
     7    0.03                           net10 (net)
                  0.15    0.00    2.36 ^ fanout8/A (sky130_fd_sc_hd__buf_2)
                  0.19    0.26    2.62 ^ fanout8/X (sky130_fd_sc_hd__buf_2)
    10    0.04                           net8 (net)
                  0.19    0.00    2.62 ^ _250_/SET_B (sky130_fd_sc_hd__dfstp_1)
                                  2.62   data arrival time

                  0.15   10.00   10.00   clock scan_clk (rise edge)
                          0.00   10.00   clock network delay (ideal)
                         -0.25    9.75   clock uncertainty
                          0.00    9.75   clock reconvergence pessimism
                                  9.75 ^ _250_/CLK (sky130_fd_sc_hd__dfstp_1)
                          0.15    9.90   library recovery time
                                  9.90   data required time
-----------------------------------------------------------------------------
                                  9.90   data required time
                                 -2.62   data arrival time
-----------------------------------------------------------------------------
                                  7.29   slack (MET)


Startpoint: reset_n (input port clocked by scan_clk)
Endpoint: _263_ (rising edge-triggered flip-flop clocked by scan_clk)
Path Group: scan_clk
Path Type: max

Fanout     Cap    Slew   Delay    Time   Description
-----------------------------------------------------------------------------
                  0.15    0.00    0.00   clock scan_clk (rise edge)
                          0.00    0.00   clock network delay (ideal)
                          2.00    2.00 ^ input external delay
                  0.02    0.01    2.01 ^ reset_n (in)
     1    0.00                           reset_n (net)
                  0.02    0.00    2.01 ^ input1/A (sky130_fd_sc_hd__buf_1)
                  0.11    0.13    2.14 ^ input1/X (sky130_fd_sc_hd__buf_1)
     2    0.01                           net1 (net)
                  0.11    0.00    2.14 ^ fanout10/A (sky130_fd_sc_hd__buf_2)
                  0.15    0.22    2.36 ^ fanout10/X (sky130_fd_sc_hd__buf_2)
     7    0.03                           net10 (net)
                  0.15    0.00    2.36 ^ fanout8/A (sky130_fd_sc_hd__buf_2)
                  0.19    0.26    2.62 ^ fanout8/X (sky130_fd_sc_hd__buf_2)
    10    0.04                           net8 (net)
                  0.19    0.00    2.62 ^ _179_/C (sky130_fd_sc_hd__and4_1)
                  0.07    0.23    2.85 ^ _179_/X (sky130_fd_sc_hd__and4_1)
     1    0.00                           _085_ (net)
                  0.07    0.00    2.85 ^ _180_/S (sky130_fd_sc_hd__mux2_1)
                  0.05    0.33    3.17 v _180_/X (sky130_fd_sc_hd__mux2_1)
     1    0.00                           _086_ (net)
                  0.05    0.00    3.18 v _181_/A (sky130_fd_sc_hd__clkbuf_1)
                  0.02    0.09    3.27 v _181_/X (sky130_fd_sc_hd__clkbuf_1)
     1    0.00                           _023_ (net)
                  0.02    0.00    3.27 v _263_/D (sky130_fd_sc_hd__dfxtp_1)
                                  3.27   data arrival time

                  0.15   10.00   10.00   clock scan_clk (rise edge)
                          0.00   10.00   clock network delay (ideal)
                         -0.25    9.75   clock uncertainty
                          0.00    9.75   clock reconvergence pessimism
                                  9.75 ^ _263_/CLK (sky130_fd_sc_hd__dfxtp_1)
                         -0.08    9.67   library setup time
                                  9.67   data required time
-----------------------------------------------------------------------------
                                  9.67   data required time
                                 -3.27   data arrival time
-----------------------------------------------------------------------------
                                  6.41   slack (MET)




===========================================================================
report_checks --slack_max -0.01
============================================================================
======================= Typical Corner ===================================

No paths found.


===========================================================================
 report_check_types -max_slew -max_cap -max_fanout -violators
============================================================================
======================= Typical Corner ===================================



===========================================================================
report_parasitic_annotation -report_unannotated
============================================================================
Found 197 unannotated drivers.
 reset_n
 scan_clk
 scan_in
 test_enable
 _120_/X
 _121_/Y
 _122_/X
 _123_/X
 _124_/X
 _125_/X
 _126_/X
 _127_/X
 _128_/X
 _129_/X
 _130_/Y
 _131_/X
 _132_/X
 _133_/Y
 _134_/X
 _135_/X
 _136_/Y
 _137_/Y
 _138_/X
 _139_/Y
 _140_/Y
 _141_/X
 _142_/X
 _143_/Y
 _144_/Y
 _145_/X
 _146_/X
 _147_/Y
 _148_/X
 _149_/X
 _150_/X
 _151_/X
 _152_/X
 _153_/X
 _154_/X
 _155_/X
 _156_/X
 _157_/Y
 _158_/X
 _159_/X
 _160_/X
 _161_/X
 _162_/X
 _163_/X
 _164_/X
 _165_/X
 _166_/X
 _167_/X
 _168_/X
 _169_/X
 _170_/X
 _171_/X
 _172_/X
 _173_/X
 _174_/X
 _175_/X
 _176_/X
 _177_/X
 _178_/Y
 _179_/X
 _180_/X
 _181_/X
 _182_/X
 _183_/X
 _184_/X
 _185_/X
 _186_/X
 _187_/X
 _188_/Y
 _189_/X
 _190_/X
 _191_/X
 _192_/X
 _193_/X
 _194_/X
 _195_/X
 _196_/X
 _197_/X
 _198_/X
 _199_/X
 _200_/X
 _201_/X
 _202_/X
 _203_/X
 _204_/X
 _205_/X
 _206_/X
 _207_/X
 _208_/Y
 _209_/X
 _210_/X
 _211_/X
 _212_/X
 _213_/X
 _214_/X
 _215_/X
 _216_/X
 _217_/X
 _218_/X
 _219_/X
 _220_/X
 _221_/X
 _222_/X
 _223_/X
 _224_/X
 _225_/X
 _226_/X
 _227_/X
 _228_/X
 _229_/X
 _230_/X
 _231_/X
 _232_/X
 _233_/X
 _234_/X
 _235_/X
 _236_/X
 _237_/X
 _238_/X
 _239_/X
 _240_/Q
 _241_/Q
 _242_/Q
 _243_/Q
 _244_/Q
 _245_/Q
 _246_/Q
 _247_/Q
 _248_/Q
 _249_/Q
 _250_/Q
 _251_/Q
 _252_/Q
 _253_/Q
 _254_/Q
 _255_/Q
 _256_/Q
 _257_/Q
 _258_/Q
 _259_/Q
 _260_/Q
 _261_/Q
 _262_/Q
 _263_/Q
 _264_/Q
 _265_/Q
 _266_/Q
 _267_/Q
 _268_/Q
 _269_/Q
 _270_/Q
 _271_/Q
 _272_/Q
 _273_/Q
 _274_/Q
 _275_/Q
 _276_/Q
 _277_/Q
 _278_/Q
 _279_/Q
 _280_/Q
 _281_/Q
 _282_/Q
 _283_/Q
 _284_/Q
 _285_/Q
 _286_/Q
 _287_/Q
 _288_/Q
 _289_/X
 _290_/X
 _291_/X
 _292_/X
 _293_/X
 _294_/X
 _295_/X
 _296_/X
 _297_/X
 _298_/X
 _299_/X
 _300_/X
 _301_/X
 _302_/X
 fanout10/X
 fanout5/X
 fanout6/X
 fanout7/X
 fanout8/X
 fanout9/X
 input1/X
 input2/X
 input3/X
 output4/X
Found 0 partially unannotated drivers.

===========================================================================
max slew violation count 0
max fanout violation count 0
max cap violation count 0
============================================================================

===========================================================================
check_setup -verbose -unconstrained_endpoints -multiple_clock -no_clock -no_input_delay -loops -generated_clocks
===========================================================================
