Thu Feb 26 11:15:29 UTC 2026 - Executing "openroad -exit -no_init -python /openlane/scripts/odbpy/lefutil.py get_metal_layers -o /openlane/designs/jscan/runs/RUN_2026.02.26_11.15.28/tmp/layers.list /home/hilay/.volare/volare/sky130A/libs.ref/sky130_fd_sc_hd/techlef/sky130_fd_sc_hd__nom.tlef"

Thu Feb 26 11:15:30 UTC 2026 - Executing "/openlane/scripts/mergeLef.py -o /openlane/designs/jscan/runs/RUN_2026.02.26_11.15.28/tmp/merged.nom.lef -i /home/hilay/.volare/volare/sky130A/libs.ref/sky130_fd_sc_hd/techlef/sky130_fd_sc_hd__nom.tlef {/home/hilay/.volare/volare/sky130A/libs.ref/sky130_fd_sc_hd/lef/sky130_ef_sc_hd.lef /home/hilay/.volare/volare/sky130A/libs.ref/sky130_fd_sc_hd/lef/sky130_fd_sc_hd.lef} |& tee /dev/null"

Thu Feb 26 11:15:30 UTC 2026 - Executing "/openlane/scripts/mergeLef.py -o /openlane/designs/jscan/runs/RUN_2026.02.26_11.15.28/tmp/merged.min.lef -i /home/hilay/.volare/volare/sky130A/libs.ref/sky130_fd_sc_hd/techlef/sky130_fd_sc_hd__min.tlef {/home/hilay/.volare/volare/sky130A/libs.ref/sky130_fd_sc_hd/lef/sky130_ef_sc_hd.lef /home/hilay/.volare/volare/sky130A/libs.ref/sky130_fd_sc_hd/lef/sky130_fd_sc_hd.lef} |& tee /dev/null"

Thu Feb 26 11:15:30 UTC 2026 - Executing "/openlane/scripts/mergeLef.py -o /openlane/designs/jscan/runs/RUN_2026.02.26_11.15.28/tmp/merged.max.lef -i /home/hilay/.volare/volare/sky130A/libs.ref/sky130_fd_sc_hd/techlef/sky130_fd_sc_hd__max.tlef {/home/hilay/.volare/volare/sky130A/libs.ref/sky130_fd_sc_hd/lef/sky130_ef_sc_hd.lef /home/hilay/.volare/volare/sky130A/libs.ref/sky130_fd_sc_hd/lef/sky130_fd_sc_hd.lef} |& tee /dev/null"

Thu Feb 26 11:15:31 UTC 2026 - Executing "python3 /openlane/scripts/mergeLib.py --output /openlane/designs/jscan/runs/RUN_2026.02.26_11.15.28/tmp/synthesis/merged.lib --name sky130A_merged /home/hilay/.volare/volare/sky130A/libs.ref/sky130_fd_sc_hd/lib/sky130_fd_sc_hd__tt_025C_1v80.lib"

Thu Feb 26 11:15:31 UTC 2026 - Executing "python3 /openlane/scripts/libtrim.py --cell-file /openlane/designs/jscan/runs/RUN_2026.02.26_11.15.28/tmp/synthesis/trimmed.lib.exclude.list --output /openlane/designs/jscan/runs/RUN_2026.02.26_11.15.28/tmp/synthesis/trimmed.lib /openlane/designs/jscan/runs/RUN_2026.02.26_11.15.28/tmp/synthesis/merged.lib"

Thu Feb 26 11:15:31 UTC 2026 - Executing "python3 /openlane/scripts/libtrim.py --cell-file /openlane/designs/jscan/runs/RUN_2026.02.26_11.15.28/tmp/cts/cts.lib.exclude.list --output /openlane/designs/jscan/runs/RUN_2026.02.26_11.15.28/tmp/cts/cts.lib /home/hilay/.volare/volare/sky130A/libs.ref/sky130_fd_sc_hd/lib/sky130_fd_sc_hd__tt_025C_1v80.lib"

Thu Feb 26 11:15:32 UTC 2026 - Executing "python3 /openlane/scripts/libtrim.py --cell-file /openlane/designs/jscan/runs/RUN_2026.02.26_11.15.28/tmp/cts/cts-fastest.lib.exclude.list --output /openlane/designs/jscan/runs/RUN_2026.02.26_11.15.28/tmp/cts/cts-fastest.lib /home/hilay/.volare/volare/sky130A/libs.ref/sky130_fd_sc_hd/lib/sky130_fd_sc_hd__ff_n40C_1v95.lib"

Thu Feb 26 11:15:32 UTC 2026 - Executing "python3 /openlane/scripts/libtrim.py --cell-file /openlane/designs/jscan/runs/RUN_2026.02.26_11.15.28/tmp/cts/cts-slowest.lib.exclude.list --output /openlane/designs/jscan/runs/RUN_2026.02.26_11.15.28/tmp/cts/cts-slowest.lib /home/hilay/.volare/volare/sky130A/libs.ref/sky130_fd_sc_hd/lib/sky130_fd_sc_hd__ss_100C_1v60.lib"

Thu Feb 26 11:15:33 UTC 2026 - Executing "python3 /openlane/scripts/new_tracks.py -i /home/hilay/.volare/volare/sky130A/libs.tech/openlane/sky130_fd_sc_hd/tracks.info -o /openlane/designs/jscan/runs/RUN_2026.02.26_11.15.28/tmp/routing/config.tracks"

Thu Feb 26 11:15:33 UTC 2026 - Executing "echo {OpenLane ff5509f65b17bfa4068d5336495ab1718987ff69} > /openlane/designs/jscan/runs/RUN_2026.02.26_11.15.28/OPENLANE_COMMIT"

Thu Feb 26 11:15:33 UTC 2026 - Executing "sed -E {s/^([[:space:]]+)pg_pin(.*)/\1pin\2\n\1    direction : "inout";/g} /home/hilay/.volare/volare/sky130A/libs.ref/sky130_fd_sc_hd/lib/sky130_fd_sc_hd__tt_025C_1v80.lib > /openlane/designs/jscan/runs/RUN_2026.02.26_11.15.28/tmp/synthesis/1-sky130_fd_sc_hd__tt_025C_1v80.no_pg.lib"

Thu Feb 26 11:15:33 UTC 2026 - Executing "sed -E {s/^([[:space:]]+)pg_pin(.*)/\1pin\2\n\1    direction : "inout";/g} /openlane/designs/jscan/runs/RUN_2026.02.26_11.15.28/tmp/synthesis/trimmed.lib > /openlane/designs/jscan/runs/RUN_2026.02.26_11.15.28/tmp/synthesis/1-trimmed.no_pg.lib"

Thu Feb 26 11:15:34 UTC 2026 - Executing "yosys -c /openlane/scripts/yosys/synth.tcl |& tee /dev/null /openlane/designs/jscan/runs/RUN_2026.02.26_11.15.28/logs/synthesis/1-synthesis.log"

Thu Feb 26 11:15:35 UTC 2026 - Executing "sed -i.bak -e {s/\(set ::env(CURRENT_NETLIST)\).*/\1 \/openlane\/designs\/jscan\/runs\/RUN_2026.02.26_11.15.28\/results\/synthesis\/top_3d_jscan.v/} /openlane/designs/jscan/runs/RUN_2026.02.26_11.15.28/config.tcl"

Thu Feb 26 11:15:35 UTC 2026 - Executing "sed -i.bak /defparam/d /openlane/designs/jscan/runs/RUN_2026.02.26_11.15.28/results/synthesis/top_3d_jscan.v"

Thu Feb 26 11:15:36 UTC 2026 - Executing "sta -exit -no_init /openlane/scripts/openroad/sta/multi_corner.tcl |& tee /dev/null /openlane/designs/jscan/runs/RUN_2026.02.26_11.15.28/logs/synthesis/2-sta.log"

Thu Feb 26 11:15:36 UTC 2026 - Executing "openroad -exit /openlane/scripts/openroad/floorplan.tcl |& tee /dev/null /openlane/designs/jscan/runs/RUN_2026.02.26_11.15.28/logs/floorplan/3-initial_fp.log"

Thu Feb 26 11:15:37 UTC 2026 - Executing "openroad -exit -no_init -python /openlane/scripts/odbpy/snap_to_grid.py --output /openlane/designs/jscan/runs/RUN_2026.02.26_11.15.28/tmp/floorplan/3-minimized_pdn.txt --input-lef /openlane/designs/jscan/runs/RUN_2026.02.26_11.15.28/tmp/merged.nom.lef 9.4875 9.18 18.975 18.36"

Thu Feb 26 11:15:38 UTC 2026 - Executing "openroad -exit -no_init -python /openlane/scripts/odbpy/defutil.py extract_core_dims --output-data /openlane/designs/jscan/runs/RUN_2026.02.26_11.15.28/tmp/dimensions.txt --input-lef /openlane/designs/jscan/runs/RUN_2026.02.26_11.15.28/tmp/merged.nom.lef /openlane/designs/jscan/runs/RUN_2026.02.26_11.15.28/tmp/floorplan/3-initial_fp.def"

Thu Feb 26 11:15:38 UTC 2026 - Executing "openroad -exit /openlane/scripts/openroad/ioplacer.tcl |& tee /dev/null /openlane/designs/jscan/runs/RUN_2026.02.26_11.15.28/logs/floorplan/4-io.log"

Thu Feb 26 11:15:39 UTC 2026 - Executing "openroad -exit /openlane/scripts/openroad/tapcell.tcl |& tee /dev/null /openlane/designs/jscan/runs/RUN_2026.02.26_11.15.28/logs/floorplan/5-tap.log"

Thu Feb 26 11:15:40 UTC 2026 - Executing "openroad -exit /openlane/scripts/openroad/pdn.tcl |& tee /dev/null /openlane/designs/jscan/runs/RUN_2026.02.26_11.15.28/logs/floorplan/6-pdn.log"

Thu Feb 26 11:15:41 UTC 2026 - Executing "openroad -exit /openlane/scripts/openroad/gpl.tcl |& tee /dev/null /openlane/designs/jscan/runs/RUN_2026.02.26_11.15.28/logs/placement/7-global.log"

Thu Feb 26 11:15:42 UTC 2026 - Executing "sed -i.bak -e {s/\(set ::env(CURRENT_NETLIST)\).*/\1 \/openlane\/designs\/jscan\/runs\/RUN_2026.02.26_11.15.28\/tmp\/placement\/7-global.nl.v/} /openlane/designs/jscan/runs/RUN_2026.02.26_11.15.28/config.tcl"

Thu Feb 26 11:15:42 UTC 2026 - Executing "openroad -exit /openlane/scripts/openroad/sta/multi_corner.tcl |& tee /dev/null /openlane/designs/jscan/runs/RUN_2026.02.26_11.15.28/logs/placement/8-gpl_sta.log"

Thu Feb 26 11:15:43 UTC 2026 - Executing "openroad -exit /openlane/scripts/openroad/resizer.tcl |& tee /dev/null /openlane/designs/jscan/runs/RUN_2026.02.26_11.15.28/logs/placement/9-resizer.log"

Thu Feb 26 11:15:46 UTC 2026 - Executing "sed -i.bak -e {s/\(set ::env(CURRENT_NETLIST)\).*/\1 \/openlane\/designs\/jscan\/runs\/RUN_2026.02.26_11.15.28\/tmp\/placement\/9-resizer.nl.v/} /openlane/designs/jscan/runs/RUN_2026.02.26_11.15.28/config.tcl"

Thu Feb 26 11:15:46 UTC 2026 - Executing "openroad -exit /openlane/scripts/openroad/dpl.tcl |& tee /dev/null /openlane/designs/jscan/runs/RUN_2026.02.26_11.15.28/logs/placement/10-detailed.log"

Thu Feb 26 11:15:47 UTC 2026 - Executing "sed -i.bak -e {s/\(set ::env(CURRENT_NETLIST)\).*/\1 \/openlane\/designs\/jscan\/runs\/RUN_2026.02.26_11.15.28\/results\/placement\/top_3d_jscan.nl.v/} /openlane/designs/jscan/runs/RUN_2026.02.26_11.15.28/config.tcl"

Thu Feb 26 11:15:47 UTC 2026 - Executing "openroad -exit /openlane/scripts/openroad/sta/multi_corner.tcl |& tee /dev/null /openlane/designs/jscan/runs/RUN_2026.02.26_11.15.28/logs/placement/11-dpl_sta.log"

Thu Feb 26 11:15:48 UTC 2026 - Executing "openroad -exit /openlane/scripts/openroad/cts.tcl |& tee /dev/null /openlane/designs/jscan/runs/RUN_2026.02.26_11.15.28/logs/cts/12-cts.log"

Thu Feb 26 11:16:50 UTC 2026 - Executing "openroad -exit /openlane/scripts/openroad/sta/multi_corner.tcl |& tee /dev/null /openlane/designs/jscan/runs/RUN_2026.02.26_11.15.28/logs/cts/13-cts_sta.log"

Thu Feb 26 11:16:52 UTC 2026 - Executing "openroad -exit /openlane/scripts/openroad/resizer_timing.tcl |& tee /dev/null /openlane/designs/jscan/runs/RUN_2026.02.26_11.15.28/logs/cts/14-resizer.log"

Thu Feb 26 11:16:55 UTC 2026 - Executing "sed -i.bak -e {s/\(set ::env(CURRENT_NETLIST)\).*/\1 \/openlane\/designs\/jscan\/runs\/RUN_2026.02.26_11.15.28\/tmp\/cts\/14-top_3d_jscan.resized.nl.v/} /openlane/designs/jscan/runs/RUN_2026.02.26_11.15.28/config.tcl"

Thu Feb 26 11:16:55 UTC 2026 - Executing "openroad -exit /openlane/scripts/openroad/resizer_routing_design.tcl |& tee /dev/null /openlane/designs/jscan/runs/RUN_2026.02.26_11.15.28/logs/routing/15-resizer_design.log"

Thu Feb 26 11:16:58 UTC 2026 - Executing "sed -i.bak -e {s/\(set ::env(CURRENT_NETLIST)\).*/\1 \/openlane\/designs\/jscan\/runs\/RUN_2026.02.26_11.15.28\/tmp\/15-top_3d_jscan.nl.v/} /openlane/designs/jscan/runs/RUN_2026.02.26_11.15.28/config.tcl"

Thu Feb 26 11:16:59 UTC 2026 - Executing "openroad -exit /openlane/scripts/openroad/sta/multi_corner.tcl |& tee /dev/null /openlane/designs/jscan/runs/RUN_2026.02.26_11.15.28/logs/routing/16-rsz_design_sta.log"

Thu Feb 26 11:17:00 UTC 2026 - Executing "openroad -exit /openlane/scripts/openroad/resizer_routing_timing.tcl |& tee /dev/null /openlane/designs/jscan/runs/RUN_2026.02.26_11.15.28/logs/routing/17-resizer_timing.log"

Thu Feb 26 11:17:03 UTC 2026 - Executing "sed -i.bak -e {s/\(set ::env(CURRENT_NETLIST)\).*/\1 \/openlane\/designs\/jscan\/runs\/RUN_2026.02.26_11.15.28\/tmp\/17-top_3d_jscan.nl.v/} /openlane/designs/jscan/runs/RUN_2026.02.26_11.15.28/config.tcl"

Thu Feb 26 11:17:04 UTC 2026 - Executing "openroad -exit /openlane/scripts/openroad/sta/multi_corner.tcl |& tee /dev/null /openlane/designs/jscan/runs/RUN_2026.02.26_11.15.28/logs/routing/18-rsz_timing_sta.log"

Thu Feb 26 11:17:06 UTC 2026 - Executing "openroad -exit /openlane/scripts/openroad/groute.tcl |& tee /dev/null /openlane/designs/jscan/runs/RUN_2026.02.26_11.15.28/logs/routing/19-global.log"

Thu Feb 26 11:17:08 UTC 2026 - Executing "openroad -exit /openlane/scripts/openroad/write_views.tcl |& tee /dev/null /openlane/designs/jscan/runs/RUN_2026.02.26_11.15.28/logs/routing/19-global_write_netlist.log"

Thu Feb 26 11:17:09 UTC 2026 - Executing "sed -i.bak -e {s/\(set ::env(CURRENT_NETLIST)\).*/\1 \/openlane\/designs\/jscan\/runs\/RUN_2026.02.26_11.15.28\/tmp\/routing\/global.nl.v/} /openlane/designs/jscan/runs/RUN_2026.02.26_11.15.28/config.tcl"

Thu Feb 26 11:17:09 UTC 2026 - Executing "openroad -exit /openlane/scripts/openroad/sta/multi_corner.tcl |& tee /dev/null /openlane/designs/jscan/runs/RUN_2026.02.26_11.15.28/logs/routing/21-grt_sta.log"

Thu Feb 26 11:17:11 UTC 2026 - Executing "openroad -exit /openlane/scripts/openroad/fill.tcl |& tee /dev/null /openlane/designs/jscan/runs/RUN_2026.02.26_11.15.28/logs/routing/22-fill.log"

Thu Feb 26 11:17:12 UTC 2026 - Executing "sed -i.bak -e {s/\(set ::env(CURRENT_NETLIST)\).*/\1 \/openlane\/designs\/jscan\/runs\/RUN_2026.02.26_11.15.28\/tmp\/routing\/22-fill.nl.v/} /openlane/designs/jscan/runs/RUN_2026.02.26_11.15.28/config.tcl"

Thu Feb 26 11:17:12 UTC 2026 - Executing "openroad -exit /openlane/scripts/openroad/droute.tcl |& tee /dev/null /openlane/designs/jscan/runs/RUN_2026.02.26_11.15.28/logs/routing/23-detailed.log"

Thu Feb 26 11:17:40 UTC 2026 - Executing "sed -i.bak -e {s/\(set ::env(CURRENT_NETLIST)\).*/\1 \/openlane\/designs\/jscan\/runs\/RUN_2026.02.26_11.15.28\/results\/routing\/top_3d_jscan.nl.v/} /openlane/designs/jscan/runs/RUN_2026.02.26_11.15.28/config.tcl"

Thu Feb 26 11:17:40 UTC 2026 - Executing "python3 /openlane/scripts/drc_rosetta.py tr to_klayout -o /openlane/designs/jscan/runs/RUN_2026.02.26_11.15.28/reports/routing/drt.klayout.xml --design-name top_3d_jscan /openlane/designs/jscan/runs/RUN_2026.02.26_11.15.28/reports/routing/drt.drc"

Thu Feb 26 11:17:41 UTC 2026 - Executing "openroad -exit -no_init -python /openlane/scripts/odbpy/wire_lengths.py --report-out /openlane/designs/jscan/runs/RUN_2026.02.26_11.15.28/reports/routing/24-wire_lengths.csv --input-lef /openlane/designs/jscan/runs/RUN_2026.02.26_11.15.28/tmp/merged.nom.lef --output-def /dev/null --output /openlane/designs/jscan/runs/RUN_2026.02.26_11.15.28/results/routing/top_3d_jscan.odb /openlane/designs/jscan/runs/RUN_2026.02.26_11.15.28/results/routing/top_3d_jscan.odb |& tee /dev/null /openlane/designs/jscan/runs/RUN_2026.02.26_11.15.28/logs/routing/24-wire_lengths.log"

Thu Feb 26 11:17:44 UTC 2026 - Executing "openroad -exit /openlane/scripts/openroad/rcx.tcl |& tee /dev/null /openlane/designs/jscan/runs/RUN_2026.02.26_11.15.28/logs/signoff/25-parasitics_extraction.min.log"

Thu Feb 26 11:17:46 UTC 2026 - Executing "sta -exit -no_init /openlane/scripts/openroad/sta/multi_corner.tcl |& tee /dev/null /openlane/designs/jscan/runs/RUN_2026.02.26_11.15.28/logs/signoff/26-rcx_mcsta.min.log"

Thu Feb 26 11:17:50 UTC 2026 - Executing "openroad -exit /openlane/scripts/openroad/rcx.tcl |& tee /dev/null /openlane/designs/jscan/runs/RUN_2026.02.26_11.15.28/logs/signoff/27-parasitics_extraction.max.log"

Thu Feb 26 11:17:51 UTC 2026 - Executing "sta -exit -no_init /openlane/scripts/openroad/sta/multi_corner.tcl |& tee /dev/null /openlane/designs/jscan/runs/RUN_2026.02.26_11.15.28/logs/signoff/28-rcx_mcsta.max.log"

Thu Feb 26 11:17:53 UTC 2026 - Executing "openroad -exit /openlane/scripts/openroad/rcx.tcl |& tee /dev/null /openlane/designs/jscan/runs/RUN_2026.02.26_11.15.28/logs/signoff/29-parasitics_extraction.nom.log"

Thu Feb 26 11:17:54 UTC 2026 - Executing "sta -exit -no_init /openlane/scripts/openroad/sta/multi_corner.tcl |& tee /dev/null /openlane/designs/jscan/runs/RUN_2026.02.26_11.15.28/logs/signoff/30-rcx_mcsta.nom.log"

Thu Feb 26 11:17:57 UTC 2026 - Executing "sta -exit -no_init /openlane/scripts/openroad/sta/multi_corner.tcl |& tee /dev/null /openlane/designs/jscan/runs/RUN_2026.02.26_11.15.28/logs/signoff/31-rcx_sta.log"

Thu Feb 26 11:17:58 UTC 2026 - Executing "openroad -exit /openlane/scripts/openroad/irdrop.tcl |& tee /dev/null /openlane/designs/jscan/runs/RUN_2026.02.26_11.15.28/logs/signoff/32-irdrop.log"

Thu Feb 26 11:17:59 UTC 2026 - Executing "magic -noconsole -dnull -rcfile /home/hilay/.volare/volare/sky130A/libs.tech/magic/sky130A.magicrc < /openlane/scripts/magic/wrapper.tcl |& tee /dev/null /openlane/designs/jscan/runs/RUN_2026.02.26_11.15.28/logs/signoff/33-gdsii.log"

Thu Feb 26 11:18:00 UTC 2026 - Executing "magic -noconsole -dnull -rcfile /home/hilay/.volare/volare/sky130A/libs.tech/magic/sky130A.magicrc < /openlane/scripts/magic/wrapper.tcl |& tee /dev/null /openlane/designs/jscan/runs/RUN_2026.02.26_11.15.28/logs/signoff/33-gds_ptrs.log"

Thu Feb 26 11:18:01 UTC 2026 - Executing "sed -i.bak -n {/^<< properties >>/,/^<< end >>/p} /openlane/designs/jscan/runs/RUN_2026.02.26_11.15.28/tmp/signoff/gds_ptrs.mag"

Thu Feb 26 11:18:01 UTC 2026 - Executing "magic -noconsole -dnull -rcfile /home/hilay/.volare/volare/sky130A/libs.tech/magic/sky130A.magicrc < /openlane/scripts/magic/wrapper.tcl |& tee /dev/null /openlane/designs/jscan/runs/RUN_2026.02.26_11.15.28/logs/signoff/33-lef.log"

Thu Feb 26 11:18:02 UTC 2026 - Executing "magic -noconsole -dnull -rcfile /home/hilay/.volare/volare/sky130A/libs.tech/magic/sky130A.magicrc < /openlane/scripts/magic/wrapper.tcl |& tee /dev/null /openlane/designs/jscan/runs/RUN_2026.02.26_11.15.28/logs/signoff/33-maglef.log"

Thu Feb 26 11:18:02 UTC 2026 - Executing "python3 /openlane/scripts/klayout/stream_out.py --output /openlane/designs/jscan/runs/RUN_2026.02.26_11.15.28/results/signoff/top_3d_jscan.klayout.gds --lyt /home/hilay/.volare/volare/sky130A/libs.tech/klayout/tech/sky130A.lyt --lym /home/hilay/.volare/volare/sky130A/libs.tech/klayout/tech/sky130A.map --lyp /home/hilay/.volare/volare/sky130A/libs.tech/klayout/tech/sky130A.lyp --top top_3d_jscan --with-gds-file /home/hilay/.volare/volare/sky130A/libs.ref/sky130_fd_sc_hd/gds/sky130_fd_sc_hd.gds --input-lef /openlane/designs/jscan/runs/RUN_2026.02.26_11.15.28/tmp/merged.nom.lef /openlane/designs/jscan/runs/RUN_2026.02.26_11.15.28/results/routing/top_3d_jscan.def |& tee /dev/null /openlane/designs/jscan/runs/RUN_2026.02.26_11.15.28/logs/signoff/34-gdsii-klayout.log"

Thu Feb 26 11:18:04 UTC 2026 - Executing "klayout -b -r /openlane/scripts/klayout/xor.drc -rd a=/openlane/designs/jscan/runs/RUN_2026.02.26_11.15.28/results/signoff/top_3d_jscan.gds -rd b=/openlane/designs/jscan/runs/RUN_2026.02.26_11.15.28/results/signoff/top_3d_jscan.klayout.gds -rd jobs=1 -rd rdb_out=/openlane/designs/jscan/runs/RUN_2026.02.26_11.15.28/reports/signoff/35-xor.xml -rd ignore=81/14 -rd rpt_out=/openlane/designs/jscan/runs/RUN_2026.02.26_11.15.28/reports/signoff/35-xor.rpt |& tee /dev/null /openlane/designs/jscan/runs/RUN_2026.02.26_11.15.28/logs/signoff/35-xor.log"

Thu Feb 26 11:18:05 UTC 2026 - Executing "magic -noconsole -dnull -rcfile /home/hilay/.volare/volare/sky130A/libs.tech/magic/sky130A.magicrc < /openlane/scripts/magic/wrapper.tcl |& tee /dev/null /openlane/designs/jscan/runs/RUN_2026.02.26_11.15.28/logs/signoff/36-spice.log"

Thu Feb 26 11:18:07 UTC 2026 - Executing "openroad -exit -no_init -python /openlane/scripts/odbpy/power_utils.py write_powered_def --output /openlane/designs/jscan/runs/RUN_2026.02.26_11.15.28/tmp/signoff/36-top_3d_jscan.p.def --input-lef /openlane/designs/jscan/runs/RUN_2026.02.26_11.15.28/tmp/merged.nom.lef --power-port VPWR --ground-port VGND --powered-netlist {} /openlane/designs/jscan/runs/RUN_2026.02.26_11.15.28/results/routing/top_3d_jscan.def |& tee /dev/null /openlane/designs/jscan/runs/RUN_2026.02.26_11.15.28/logs/signoff/37-write_powered_def.log"

Thu Feb 26 11:18:08 UTC 2026 - Executing "openroad -exit /openlane/scripts/openroad/write_views.tcl |& tee /dev/null /openlane/designs/jscan/runs/RUN_2026.02.26_11.15.28/logs/signoff/37-write_powered_verilog.log"

Thu Feb 26 11:18:09 UTC 2026 - Executing "sed -i.bak -e {s/\(set ::env(CURRENT_NETLIST)\).*/\1 \/openlane\/designs\/jscan\/runs\/RUN_2026.02.26_11.15.28\/tmp\/signoff\/36-top_3d_jscan.nl.v/} /openlane/designs/jscan/runs/RUN_2026.02.26_11.15.28/config.tcl"

Thu Feb 26 11:18:09 UTC 2026 - Executing "netgen -batch source /openlane/designs/jscan/runs/RUN_2026.02.26_11.15.28/tmp/signoff/39-setup_file.lef.lvs |& tee /dev/null /openlane/designs/jscan/runs/RUN_2026.02.26_11.15.28/logs/signoff/39-lvs.lef.log"

Thu Feb 26 11:18:10 UTC 2026 - Executing "magic -noconsole -dnull -rcfile /home/hilay/.volare/volare/sky130A/libs.tech/magic/sky130A.magicrc < /openlane/scripts/magic/wrapper.tcl |& tee /dev/null /openlane/designs/jscan/runs/RUN_2026.02.26_11.15.28/logs/signoff/40-drc.log"

Thu Feb 26 11:18:12 UTC 2026 - Executing "python3 /openlane/scripts/drc_rosetta.py magic to_tcl -o /openlane/designs/jscan/runs/RUN_2026.02.26_11.15.28/reports/signoff/drc.tcl /openlane/designs/jscan/runs/RUN_2026.02.26_11.15.28/reports/signoff/drc.rpt"

Thu Feb 26 11:18:12 UTC 2026 - Executing "python3 /openlane/scripts/drc_rosetta.py magic to_tr -o /openlane/designs/jscan/runs/RUN_2026.02.26_11.15.28/reports/signoff/drc.tr /openlane/designs/jscan/runs/RUN_2026.02.26_11.15.28/reports/signoff/drc.rpt"

Thu Feb 26 11:18:13 UTC 2026 - Executing "python3 /openlane/scripts/drc_rosetta.py tr to_klayout -o /openlane/designs/jscan/runs/RUN_2026.02.26_11.15.28/reports/signoff/drc.klayout.xml --design-name top_3d_jscan /openlane/designs/jscan/runs/RUN_2026.02.26_11.15.28/reports/signoff/drc.tr"

Thu Feb 26 11:18:13 UTC 2026 - Executing "python3 /openlane/scripts/drc_rosetta.py magic to_rdb -o /openlane/designs/jscan/runs/RUN_2026.02.26_11.15.28/reports/signoff/drc.rdb /openlane/designs/jscan/runs/RUN_2026.02.26_11.15.28/reports/signoff/drc.rpt"

Thu Feb 26 11:18:13 UTC 2026 - Executing "openroad -exit /openlane/scripts/openroad/antenna_check.tcl |& tee /dev/null /openlane/designs/jscan/runs/RUN_2026.02.26_11.15.28/logs/signoff/41-arc.log"

Thu Feb 26 11:18:14 UTC 2026 - Executing "python3 /openlane/scripts/extract_antenna_violators.py --output /openlane/designs/jscan/runs/RUN_2026.02.26_11.15.28/reports/signoff/41-antenna_violators.rpt --plain-out /openlane/designs/jscan/runs/RUN_2026.02.26_11.15.28/reports/signoff/41-antenna_violators_pins.txt /openlane/designs/jscan/runs/RUN_2026.02.26_11.15.28/logs/signoff/41-arc.log"

Thu Feb 26 11:18:14 UTC 2026 - Executing "awk -v vdd=VPWR -v gnd=VGND -f /home/hilay/.volare/volare/sky130A/libs.tech/openlane/cvc/power.awk /openlane/designs/jscan/runs/RUN_2026.02.26_11.15.28/tmp/signoff/36-top_3d_jscan.nl.v > /openlane/designs/jscan/runs/RUN_2026.02.26_11.15.28/tmp/signoff/top_3d_jscan.power"

Thu Feb 26 11:18:14 UTC 2026 - Executing "awk -f /home/hilay/.volare/volare/sky130A/libs.tech/openlane/cvc/cdl.awk /home/hilay/.volare/volare/sky130A/libs.ref/sky130_fd_sc_hd/cdl/sky130_fd_sc_hd.cdl /openlane/designs/jscan/runs/RUN_2026.02.26_11.15.28/results/signoff/top_3d_jscan.lef.spice > /openlane/designs/jscan/runs/RUN_2026.02.26_11.15.28/tmp/signoff/top_3d_jscan.cdl"

Thu Feb 26 11:18:14 UTC 2026 - Executing "cvc_rv /home/hilay/.volare/volare/sky130A/libs.tech/openlane/cvc/cvcrc |& tee /dev/null /openlane/designs/jscan/runs/RUN_2026.02.26_11.15.28/logs/signoff/42-erc_screen.log"

