
===========================================================================
 report_power
============================================================================
======================= Fastest Corner ===================================

Group                  Internal  Switching    Leakage      Total
                          Power      Power      Power      Power (Watts)
----------------------------------------------------------------
Sequential             3.14e-04   4.93e-05   2.19e-07   3.64e-04  39.1%
Combinational          3.64e-04   2.02e-04   2.78e-09   5.67e-04  60.9%
Macro                  0.00e+00   0.00e+00   0.00e+00   0.00e+00   0.0%
Pad                    0.00e+00   0.00e+00   0.00e+00   0.00e+00   0.0%
----------------------------------------------------------------
Total                  6.79e-04   2.52e-04   2.21e-07   9.31e-04 100.0%
                          72.9%      27.0%       0.0%

======================= Slowest Corner ===================================

Group                  Internal  Switching    Leakage      Total
                          Power      Power      Power      Power (Watts)
----------------------------------------------------------------
Sequential             2.12e-04   3.13e-05   9.16e-07   2.44e-04  38.6%
Combinational          2.57e-04   1.30e-04   1.13e-06   3.88e-04  61.4%
Macro                  0.00e+00   0.00e+00   0.00e+00   0.00e+00   0.0%
Pad                    0.00e+00   0.00e+00   0.00e+00   0.00e+00   0.0%
----------------------------------------------------------------
Total                  4.69e-04   1.61e-04   2.04e-06   6.32e-04 100.0%
                          74.2%      25.5%       0.3%

======================= Typical Corner ===================================

Group                  Internal  Switching    Leakage      Total
                          Power      Power      Power      Power (Watts)
----------------------------------------------------------------
Sequential             2.72e-04   4.07e-05   2.19e-07   3.13e-04  39.1%
Combinational          3.19e-04   1.69e-04   1.30e-09   4.88e-04  60.9%
Macro                  0.00e+00   0.00e+00   0.00e+00   0.00e+00   0.0%
Pad                    0.00e+00   0.00e+00   0.00e+00   0.00e+00   0.0%
----------------------------------------------------------------
Total                  5.91e-04   2.09e-04   2.20e-07   8.01e-04 100.0%
                          73.8%      26.2%       0.0%

