
===========================================================================
 report_power
============================================================================
======================= Fastest Corner ===================================

Group                  Internal  Switching    Leakage      Total
                          Power      Power      Power      Power (Watts)
----------------------------------------------------------------
Sequential             3.14e-04   5.09e-05   2.19e-07   3.65e-04  38.9%
Combinational          3.65e-04   2.08e-04   2.78e-09   5.73e-04  61.1%
Macro                  0.00e+00   0.00e+00   0.00e+00   0.00e+00   0.0%
Pad                    0.00e+00   0.00e+00   0.00e+00   0.00e+00   0.0%
----------------------------------------------------------------
Total                  6.79e-04   2.59e-04   2.21e-07   9.38e-04 100.0%
                          72.3%      27.6%       0.0%

======================= Slowest Corner ===================================

Group                  Internal  Switching    Leakage      Total
                          Power      Power      Power      Power (Watts)
----------------------------------------------------------------
Sequential             2.11e-04   3.24e-05   9.16e-07   2.45e-04  38.4%
Combinational          2.57e-04   1.34e-04   1.13e-06   3.92e-04  61.6%
Macro                  0.00e+00   0.00e+00   0.00e+00   0.00e+00   0.0%
Pad                    0.00e+00   0.00e+00   0.00e+00   0.00e+00   0.0%
----------------------------------------------------------------
Total                  4.69e-04   1.66e-04   2.04e-06   6.37e-04 100.0%
                          73.6%      26.1%       0.3%

======================= Typical Corner ===================================

Group                  Internal  Switching    Leakage      Total
                          Power      Power      Power      Power (Watts)
----------------------------------------------------------------
Sequential             2.72e-04   4.21e-05   2.19e-07   3.14e-04  38.9%
Combinational          3.19e-04   1.74e-04   1.30e-09   4.93e-04  61.1%
Macro                  0.00e+00   0.00e+00   0.00e+00   0.00e+00   0.0%
Pad                    0.00e+00   0.00e+00   0.00e+00   0.00e+00   0.0%
----------------------------------------------------------------
Total                  5.91e-04   2.16e-04   2.20e-07   8.07e-04 100.0%
                          73.2%      26.8%       0.0%

