
===========================================================================
report_checks -unconstrained
===========================================================================
======================= Fastest Corner ===================================

Startpoint: reset_n (input port clocked by scan_clk)
Endpoint: _250_ (recovery check against rising-edge clock scan_clk)
Path Group: asynchronous
Path Type: max
Corner: Fastest

Fanout     Cap    Slew   Delay    Time   Description
-----------------------------------------------------------------------------
                          0.00    0.00   clock scan_clk (rise edge)
                          0.00    0.00   clock network delay (propagated)
                          2.00    2.00 ^ input external delay
                  0.02    0.01    2.01 ^ reset_n (in)
     1    0.00                           reset_n (net)
                  0.02    0.00    2.01 ^ input1/A (sky130_fd_sc_hd__buf_1)
                  0.13    0.12    2.13 ^ input1/X (sky130_fd_sc_hd__buf_1)
     2    0.01                           net1 (net)
                  0.13    0.00    2.13 ^ fanout10/A (sky130_fd_sc_hd__buf_2)
                  0.15    0.18    2.32 ^ fanout10/X (sky130_fd_sc_hd__buf_2)
     7    0.04                           net10 (net)
                  0.15    0.00    2.32 ^ fanout8/A (sky130_fd_sc_hd__clkbuf_4)
                  0.11    0.18    2.50 ^ fanout8/X (sky130_fd_sc_hd__clkbuf_4)
    10    0.05                           net8 (net)
                  0.11    0.00    2.51 ^ _250_/SET_B (sky130_fd_sc_hd__dfstp_1)
                                  2.51   data arrival time

                         10.00   10.00   clock scan_clk (rise edge)
                          0.00   10.00   clock source latency
                  0.05    0.03   10.03 ^ scan_clk (in)
     1    0.01                           scan_clk (net)
                  0.05    0.00   10.03 ^ clkbuf_0_scan_clk/A (sky130_fd_sc_hd__clkbuf_16)
                  0.05    0.10   10.13 ^ clkbuf_0_scan_clk/X (sky130_fd_sc_hd__clkbuf_16)
     4    0.04                           clknet_0_scan_clk (net)
                  0.05    0.00   10.14 ^ clkbuf_2_2__f_scan_clk/A (sky130_fd_sc_hd__clkbuf_16)
                  0.04    0.09   10.23 ^ clkbuf_2_2__f_scan_clk/X (sky130_fd_sc_hd__clkbuf_16)
    11    0.03                           clknet_2_2__leaf_scan_clk (net)
                  0.04    0.00   10.23 ^ _250_/CLK (sky130_fd_sc_hd__dfstp_1)
                         -0.25    9.98   clock uncertainty
                          0.00    9.98   clock reconvergence pessimism
                          0.09   10.07   library recovery time
                                 10.07   data required time
-----------------------------------------------------------------------------
                                 10.07   data required time
                                 -2.51   data arrival time
-----------------------------------------------------------------------------
                                  7.56   slack (MET)


Startpoint: test_enable (input port clocked by scan_clk)
Endpoint: _281_ (rising edge-triggered flip-flop clocked by scan_clk)
Path Group: scan_clk
Path Type: max
Corner: Fastest

Fanout     Cap    Slew   Delay    Time   Description
-----------------------------------------------------------------------------
                          0.00    0.00   clock scan_clk (rise edge)
                          0.00    0.00   clock network delay (propagated)
                          2.00    2.00 ^ input external delay
                  0.01    0.01    2.01 ^ test_enable (in)
     1    0.00                           test_enable (net)
                  0.01    0.00    2.01 ^ input3/A (sky130_fd_sc_hd__dlymetal6s2s_1)
                  0.15    0.14    2.15 ^ input3/X (sky130_fd_sc_hd__dlymetal6s2s_1)
     6    0.02                           net3 (net)
                  0.15    0.00    2.15 ^ _208_/A (sky130_fd_sc_hd__nand2_1)
                  0.07    0.08    2.23 v _208_/Y (sky130_fd_sc_hd__nand2_1)
     3    0.01                           _102_ (net)
                  0.07    0.00    2.23 v _215_/B (sky130_fd_sc_hd__or2_1)
                  0.03    0.14    2.37 v _215_/X (sky130_fd_sc_hd__or2_1)
     1    0.00                           _107_ (net)
                  0.03    0.00    2.37 v _216_/A (sky130_fd_sc_hd__buf_2)
                  0.07    0.12    2.49 v _216_/X (sky130_fd_sc_hd__buf_2)
     8    0.04                           _108_ (net)
                  0.07    0.00    2.49 v _225_/S (sky130_fd_sc_hd__mux2_1)
                  0.04    0.20    2.69 v _225_/X (sky130_fd_sc_hd__mux2_1)
     1    0.00                           _113_ (net)
                  0.04    0.00    2.69 v hold20/A (sky130_fd_sc_hd__dlygate4sd3_1)
                  0.04    0.38    3.08 v hold20/X (sky130_fd_sc_hd__dlygate4sd3_1)
     1    0.00                           net30 (net)
                  0.04    0.00    3.08 v _226_/A (sky130_fd_sc_hd__clkbuf_1)
                  0.02    0.06    3.14 v _226_/X (sky130_fd_sc_hd__clkbuf_1)
     1    0.00                           _041_ (net)
                  0.02    0.00    3.14 v _281_/D (sky130_fd_sc_hd__dfrtp_1)
                                  3.14   data arrival time

                         10.00   10.00   clock scan_clk (rise edge)
                          0.00   10.00   clock source latency
                  0.05    0.03   10.03 ^ scan_clk (in)
     1    0.01                           scan_clk (net)
                  0.05    0.00   10.03 ^ clkbuf_0_scan_clk/A (sky130_fd_sc_hd__clkbuf_16)
                  0.05    0.10   10.13 ^ clkbuf_0_scan_clk/X (sky130_fd_sc_hd__clkbuf_16)
     4    0.04                           clknet_0_scan_clk (net)
                  0.05    0.00   10.14 ^ clkbuf_2_2__f_scan_clk/A (sky130_fd_sc_hd__clkbuf_16)
                  0.04    0.09   10.23 ^ clkbuf_2_2__f_scan_clk/X (sky130_fd_sc_hd__clkbuf_16)
    11    0.03                           clknet_2_2__leaf_scan_clk (net)
                  0.04    0.00   10.23 ^ _281_/CLK (sky130_fd_sc_hd__dfrtp_1)
                         -0.25    9.98   clock uncertainty
                          0.00    9.98   clock reconvergence pessimism
                         -0.07    9.91   library setup time
                                  9.91   data required time
-----------------------------------------------------------------------------
                                  9.91   data required time
                                 -3.14   data arrival time
-----------------------------------------------------------------------------
                                  6.77   slack (MET)



======================= Slowest Corner ===================================

Startpoint: reset_n (input port clocked by scan_clk)
Endpoint: _250_ (recovery check against rising-edge clock scan_clk)
Path Group: asynchronous
Path Type: max
Corner: Slowest

Fanout     Cap    Slew   Delay    Time   Description
-----------------------------------------------------------------------------
                          0.00    0.00   clock scan_clk (rise edge)
                          0.00    0.00   clock network delay (propagated)
                          2.00    2.00 ^ input external delay
                  0.04    0.02    2.02 ^ reset_n (in)
     1    0.00                           reset_n (net)
                  0.04    0.00    2.02 ^ input1/A (sky130_fd_sc_hd__buf_1)
                  0.27    0.29    2.32 ^ input1/X (sky130_fd_sc_hd__buf_1)
     2    0.01                           net1 (net)
                  0.27    0.00    2.32 ^ fanout10/A (sky130_fd_sc_hd__buf_2)
                  0.31    0.48    2.80 ^ fanout10/X (sky130_fd_sc_hd__buf_2)
     7    0.04                           net10 (net)
                  0.31    0.00    2.80 ^ fanout8/A (sky130_fd_sc_hd__clkbuf_4)
                  0.22    0.49    3.29 ^ fanout8/X (sky130_fd_sc_hd__clkbuf_4)
    10    0.04                           net8 (net)
                  0.22    0.00    3.29 ^ _250_/SET_B (sky130_fd_sc_hd__dfstp_1)
                                  3.29   data arrival time

                         10.00   10.00   clock scan_clk (rise edge)
                          0.00   10.00   clock source latency
                  0.11    0.07   10.07 ^ scan_clk (in)
     1    0.01                           scan_clk (net)
                  0.11    0.00   10.07 ^ clkbuf_0_scan_clk/A (sky130_fd_sc_hd__clkbuf_16)
                  0.10    0.26   10.33 ^ clkbuf_0_scan_clk/X (sky130_fd_sc_hd__clkbuf_16)
     4    0.04                           clknet_0_scan_clk (net)
                  0.10    0.00   10.33 ^ clkbuf_2_2__f_scan_clk/A (sky130_fd_sc_hd__clkbuf_16)
                  0.08    0.24   10.57 ^ clkbuf_2_2__f_scan_clk/X (sky130_fd_sc_hd__clkbuf_16)
    11    0.03                           clknet_2_2__leaf_scan_clk (net)
                  0.08    0.00   10.57 ^ _250_/CLK (sky130_fd_sc_hd__dfstp_1)
                         -0.25   10.32   clock uncertainty
                          0.00   10.32   clock reconvergence pessimism
                          0.25   10.57   library recovery time
                                 10.57   data required time
-----------------------------------------------------------------------------
                                 10.57   data required time
                                 -3.29   data arrival time
-----------------------------------------------------------------------------
                                  7.28   slack (MET)


Startpoint: test_enable (input port clocked by scan_clk)
Endpoint: _281_ (rising edge-triggered flip-flop clocked by scan_clk)
Path Group: scan_clk
Path Type: max
Corner: Slowest

Fanout     Cap    Slew   Delay    Time   Description
-----------------------------------------------------------------------------
                          0.00    0.00   clock scan_clk (rise edge)
                          0.00    0.00   clock network delay (propagated)
                          2.00    2.00 ^ input external delay
                  0.03    0.01    2.01 ^ test_enable (in)
     1    0.00                           test_enable (net)
                  0.03    0.00    2.01 ^ input3/A (sky130_fd_sc_hd__dlymetal6s2s_1)
                  0.29    0.32    2.33 ^ input3/X (sky130_fd_sc_hd__dlymetal6s2s_1)
     6    0.02                           net3 (net)
                  0.29    0.00    2.34 ^ _208_/A (sky130_fd_sc_hd__nand2_1)
                  0.20    0.29    2.63 v _208_/Y (sky130_fd_sc_hd__nand2_1)
     3    0.01                           _102_ (net)
                  0.20    0.00    2.63 v _215_/B (sky130_fd_sc_hd__or2_1)
                  0.09    0.52    3.15 v _215_/X (sky130_fd_sc_hd__or2_1)
     1    0.00                           _107_ (net)
                  0.09    0.00    3.15 v _216_/A (sky130_fd_sc_hd__buf_2)
                  0.16    0.37    3.52 v _216_/X (sky130_fd_sc_hd__buf_2)
     8    0.03                           _108_ (net)
                  0.16    0.00    3.53 v _225_/S (sky130_fd_sc_hd__mux2_1)
                  0.11    0.76    4.29 v _225_/X (sky130_fd_sc_hd__mux2_1)
     1    0.00                           _113_ (net)
                  0.11    0.00    4.29 v hold20/A (sky130_fd_sc_hd__dlygate4sd3_1)
                  0.11    1.21    5.50 v hold20/X (sky130_fd_sc_hd__dlygate4sd3_1)
     1    0.00                           net30 (net)
                  0.11    0.00    5.50 v _226_/A (sky130_fd_sc_hd__clkbuf_1)
                  0.05    0.18    5.68 v _226_/X (sky130_fd_sc_hd__clkbuf_1)
     1    0.00                           _041_ (net)
                  0.05    0.00    5.68 v _281_/D (sky130_fd_sc_hd__dfrtp_1)
                                  5.68   data arrival time

                         10.00   10.00   clock scan_clk (rise edge)
                          0.00   10.00   clock source latency
                  0.11    0.07   10.07 ^ scan_clk (in)
     1    0.01                           scan_clk (net)
                  0.11    0.00   10.07 ^ clkbuf_0_scan_clk/A (sky130_fd_sc_hd__clkbuf_16)
                  0.10    0.26   10.33 ^ clkbuf_0_scan_clk/X (sky130_fd_sc_hd__clkbuf_16)
     4    0.04                           clknet_0_scan_clk (net)
                  0.10    0.00   10.33 ^ clkbuf_2_2__f_scan_clk/A (sky130_fd_sc_hd__clkbuf_16)
                  0.08    0.24   10.57 ^ clkbuf_2_2__f_scan_clk/X (sky130_fd_sc_hd__clkbuf_16)
    11    0.03                           clknet_2_2__leaf_scan_clk (net)
                  0.08    0.00   10.57 ^ _281_/CLK (sky130_fd_sc_hd__dfrtp_1)
                         -0.25   10.32   clock uncertainty
                          0.00   10.32   clock reconvergence pessimism
                         -0.26   10.06   library setup time
                                 10.06   data required time
-----------------------------------------------------------------------------
                                 10.06   data required time
                                 -5.68   data arrival time
-----------------------------------------------------------------------------
                                  4.37   slack (MET)



======================= Typical Corner ===================================

Startpoint: reset_n (input port clocked by scan_clk)
Endpoint: _250_ (recovery check against rising-edge clock scan_clk)
Path Group: asynchronous
Path Type: max
Corner: Typical

Fanout     Cap    Slew   Delay    Time   Description
-----------------------------------------------------------------------------
                          0.00    0.00   clock scan_clk (rise edge)
                          0.00    0.00   clock network delay (propagated)
                          2.00    2.00 ^ input external delay
                  0.02    0.01    2.01 ^ reset_n (in)
     1    0.00                           reset_n (net)
                  0.02    0.00    2.01 ^ input1/A (sky130_fd_sc_hd__buf_1)
                  0.17    0.17    2.18 ^ input1/X (sky130_fd_sc_hd__buf_1)
     2    0.01                           net1 (net)
                  0.17    0.00    2.19 ^ fanout10/A (sky130_fd_sc_hd__buf_2)
                  0.20    0.27    2.46 ^ fanout10/X (sky130_fd_sc_hd__buf_2)
     7    0.04                           net10 (net)
                  0.20    0.00    2.46 ^ fanout8/A (sky130_fd_sc_hd__clkbuf_4)
                  0.15    0.28    2.74 ^ fanout8/X (sky130_fd_sc_hd__clkbuf_4)
    10    0.05                           net8 (net)
                  0.15    0.00    2.74 ^ _250_/SET_B (sky130_fd_sc_hd__dfstp_1)
                                  2.74   data arrival time

                         10.00   10.00   clock scan_clk (rise edge)
                          0.00   10.00   clock source latency
                  0.07    0.05   10.05 ^ scan_clk (in)
     1    0.01                           scan_clk (net)
                  0.07    0.00   10.05 ^ clkbuf_0_scan_clk/A (sky130_fd_sc_hd__clkbuf_16)
                  0.06    0.14   10.19 ^ clkbuf_0_scan_clk/X (sky130_fd_sc_hd__clkbuf_16)
     4    0.04                           clknet_0_scan_clk (net)
                  0.06    0.00   10.19 ^ clkbuf_2_2__f_scan_clk/A (sky130_fd_sc_hd__clkbuf_16)
                  0.05    0.13   10.33 ^ clkbuf_2_2__f_scan_clk/X (sky130_fd_sc_hd__clkbuf_16)
    11    0.03                           clknet_2_2__leaf_scan_clk (net)
                  0.05    0.00   10.33 ^ _250_/CLK (sky130_fd_sc_hd__dfstp_1)
                         -0.25   10.08   clock uncertainty
                          0.00   10.08   clock reconvergence pessimism
                          0.13   10.21   library recovery time
                                 10.21   data required time
-----------------------------------------------------------------------------
                                 10.21   data required time
                                 -2.74   data arrival time
-----------------------------------------------------------------------------
                                  7.47   slack (MET)


Startpoint: test_enable (input port clocked by scan_clk)
Endpoint: _281_ (rising edge-triggered flip-flop clocked by scan_clk)
Path Group: scan_clk
Path Type: max
Corner: Typical

Fanout     Cap    Slew   Delay    Time   Description
-----------------------------------------------------------------------------
                          0.00    0.00   clock scan_clk (rise edge)
                          0.00    0.00   clock network delay (propagated)
                          2.00    2.00 ^ input external delay
                  0.02    0.01    2.01 ^ test_enable (in)
     1    0.00                           test_enable (net)
                  0.02    0.00    2.01 ^ input3/A (sky130_fd_sc_hd__dlymetal6s2s_1)
                  0.20    0.19    2.20 ^ input3/X (sky130_fd_sc_hd__dlymetal6s2s_1)
     6    0.02                           net3 (net)
                  0.20    0.00    2.21 ^ _208_/A (sky130_fd_sc_hd__nand2_1)
                  0.10    0.14    2.34 v _208_/Y (sky130_fd_sc_hd__nand2_1)
     3    0.01                           _102_ (net)
                  0.10    0.00    2.34 v _215_/B (sky130_fd_sc_hd__or2_1)
                  0.04    0.23    2.57 v _215_/X (sky130_fd_sc_hd__or2_1)
     1    0.00                           _107_ (net)
                  0.04    0.00    2.57 v _216_/A (sky130_fd_sc_hd__buf_2)
                  0.09    0.19    2.76 v _216_/X (sky130_fd_sc_hd__buf_2)
     8    0.03                           _108_ (net)
                  0.09    0.00    2.76 v _225_/S (sky130_fd_sc_hd__mux2_1)
                  0.06    0.34    3.10 v _225_/X (sky130_fd_sc_hd__mux2_1)
     1    0.00                           _113_ (net)
                  0.06    0.00    3.10 v hold20/A (sky130_fd_sc_hd__dlygate4sd3_1)
                  0.06    0.59    3.69 v hold20/X (sky130_fd_sc_hd__dlygate4sd3_1)
     1    0.00                           net30 (net)
                  0.06    0.00    3.69 v _226_/A (sky130_fd_sc_hd__clkbuf_1)
                  0.02    0.09    3.78 v _226_/X (sky130_fd_sc_hd__clkbuf_1)
     1    0.00                           _041_ (net)
                  0.02    0.00    3.78 v _281_/D (sky130_fd_sc_hd__dfrtp_1)
                                  3.78   data arrival time

                         10.00   10.00   clock scan_clk (rise edge)
                          0.00   10.00   clock source latency
                  0.07    0.05   10.05 ^ scan_clk (in)
     1    0.01                           scan_clk (net)
                  0.07    0.00   10.05 ^ clkbuf_0_scan_clk/A (sky130_fd_sc_hd__clkbuf_16)
                  0.06    0.14   10.19 ^ clkbuf_0_scan_clk/X (sky130_fd_sc_hd__clkbuf_16)
     4    0.04                           clknet_0_scan_clk (net)
                  0.06    0.00   10.19 ^ clkbuf_2_2__f_scan_clk/A (sky130_fd_sc_hd__clkbuf_16)
                  0.05    0.13   10.33 ^ clkbuf_2_2__f_scan_clk/X (sky130_fd_sc_hd__clkbuf_16)
    11    0.03                           clknet_2_2__leaf_scan_clk (net)
                  0.05    0.00   10.33 ^ _281_/CLK (sky130_fd_sc_hd__dfrtp_1)
                         -0.25   10.08   clock uncertainty
                          0.00   10.08   clock reconvergence pessimism
                         -0.10    9.98   library setup time
                                  9.98   data required time
-----------------------------------------------------------------------------
                                  9.98   data required time
                                 -3.78   data arrival time
-----------------------------------------------------------------------------
                                  6.19   slack (MET)




===========================================================================
report_checks --slack_max -0.01
============================================================================
======================= Fastest Corner ===================================

No paths found.

======================= Slowest Corner ===================================

No paths found.

======================= Typical Corner ===================================

No paths found.


===========================================================================
 report_check_types -max_slew -max_cap -max_fanout -violators
============================================================================
======================= Fastest Corner ===================================

max fanout

Pin                                   Limit Fanout  Slack
---------------------------------------------------------
clkbuf_2_0__f_scan_clk/X                 10     13     -3 (VIOLATED)
clkbuf_2_1__f_scan_clk/X                 10     13     -3 (VIOLATED)
clkbuf_2_3__f_scan_clk/X                 10     12     -2 (VIOLATED)
clkbuf_2_2__f_scan_clk/X                 10     11        (VIOLATED)


======================= Slowest Corner ===================================

max fanout

Pin                                   Limit Fanout  Slack
---------------------------------------------------------
clkbuf_2_0__f_scan_clk/X                 10     13     -3 (VIOLATED)
clkbuf_2_1__f_scan_clk/X                 10     13     -3 (VIOLATED)
clkbuf_2_3__f_scan_clk/X                 10     12     -2 (VIOLATED)
clkbuf_2_2__f_scan_clk/X                 10     11        (VIOLATED)


======================= Typical Corner ===================================

max fanout

Pin                                   Limit Fanout  Slack
---------------------------------------------------------
clkbuf_2_0__f_scan_clk/X                 10     13     -3 (VIOLATED)
clkbuf_2_1__f_scan_clk/X                 10     13     -3 (VIOLATED)
clkbuf_2_3__f_scan_clk/X                 10     12     -2 (VIOLATED)
clkbuf_2_2__f_scan_clk/X                 10     11        (VIOLATED)



===========================================================================
report_parasitic_annotation -report_unannotated
============================================================================
Found 14 unannotated drivers.
 _289_/X
 _290_/X
 _291_/X
 _292_/X
 _293_/X
 _294_/X
 _295_/X
 _296_/X
 _297_/X
 _298_/X
 _299_/X
 _300_/X
 _301_/X
 _302_/X
Found 0 partially unannotated drivers.

===========================================================================
max slew violation count 0
max fanout violation count 4
max cap violation count 0
============================================================================

===========================================================================
check_setup -verbose -unconstrained_endpoints -multiple_clock -no_clock -no_input_delay -loops -generated_clocks
===========================================================================
