
===========================================================================
report_checks -unconstrained
===========================================================================
======================= Typical Corner ===================================

Startpoint: reset_n (input port clocked by scan_clk)
Endpoint: _250_ (recovery check against rising-edge clock scan_clk)
Path Group: asynchronous
Path Type: max

Fanout     Cap    Slew   Delay    Time   Description
-----------------------------------------------------------------------------
                          0.00    0.00   clock scan_clk (rise edge)
                          0.00    0.00   clock network delay (propagated)
                          2.00    2.00 ^ input external delay
                  0.04    0.02    2.02 ^ reset_n (in)
     1    0.01                           reset_n (net)
                  0.04    0.00    2.02 ^ input1/A (sky130_fd_sc_hd__buf_1)
                  0.12    0.14    2.16 ^ input1/X (sky130_fd_sc_hd__buf_1)
     2    0.01                           net1 (net)
                  0.12    0.00    2.16 ^ fanout10/A (sky130_fd_sc_hd__buf_2)
                  0.12    0.20    2.36 ^ fanout10/X (sky130_fd_sc_hd__buf_2)
     7    0.02                           net10 (net)
                  0.12    0.00    2.36 ^ fanout8/A (sky130_fd_sc_hd__clkbuf_4)
                  0.13    0.24    2.59 ^ fanout8/X (sky130_fd_sc_hd__clkbuf_4)
    10    0.04                           net8 (net)
                  0.13    0.00    2.59 ^ _250_/SET_B (sky130_fd_sc_hd__dfstp_1)
                                  2.59   data arrival time

                         10.00   10.00   clock scan_clk (rise edge)
                          0.00   10.00   clock source latency
                  0.07    0.04   10.04 ^ scan_clk (in)
     1    0.01                           scan_clk (net)
                  0.07    0.00   10.04 ^ clkbuf_0_scan_clk/A (sky130_fd_sc_hd__clkbuf_16)
                  0.06    0.14   10.18 ^ clkbuf_0_scan_clk/X (sky130_fd_sc_hd__clkbuf_16)
     4    0.04                           clknet_0_scan_clk (net)
                  0.06    0.00   10.18 ^ clkbuf_2_2__f_scan_clk/A (sky130_fd_sc_hd__clkbuf_16)
                  0.05    0.13   10.31 ^ clkbuf_2_2__f_scan_clk/X (sky130_fd_sc_hd__clkbuf_16)
    11    0.03                           clknet_2_2__leaf_scan_clk (net)
                  0.05    0.00   10.32 ^ _250_/CLK (sky130_fd_sc_hd__dfstp_1)
                         -0.25   10.07   clock uncertainty
                          0.00   10.07   clock reconvergence pessimism
                          0.13   10.20   library recovery time
                                 10.20   data required time
-----------------------------------------------------------------------------
                                 10.20   data required time
                                 -2.59   data arrival time
-----------------------------------------------------------------------------
                                  7.60   slack (MET)


Startpoint: test_enable (input port clocked by scan_clk)
Endpoint: _281_ (rising edge-triggered flip-flop clocked by scan_clk)
Path Group: scan_clk
Path Type: max

Fanout     Cap    Slew   Delay    Time   Description
-----------------------------------------------------------------------------
                          0.00    0.00   clock scan_clk (rise edge)
                          0.00    0.00   clock network delay (propagated)
                          2.00    2.00 ^ input external delay
                  0.02    0.01    2.01 ^ test_enable (in)
     1    0.00                           test_enable (net)
                  0.02    0.00    2.01 ^ input3/A (sky130_fd_sc_hd__dlymetal6s2s_1)
                  0.19    0.19    2.20 ^ input3/X (sky130_fd_sc_hd__dlymetal6s2s_1)
     6    0.02                           net3 (net)
                  0.19    0.00    2.20 ^ _208_/A (sky130_fd_sc_hd__nand2_1)
                  0.09    0.12    2.32 v _208_/Y (sky130_fd_sc_hd__nand2_1)
     3    0.01                           _102_ (net)
                  0.09    0.00    2.32 v _215_/B (sky130_fd_sc_hd__or2_1)
                  0.04    0.22    2.54 v _215_/X (sky130_fd_sc_hd__or2_1)
     1    0.00                           _107_ (net)
                  0.04    0.00    2.54 v _216_/A (sky130_fd_sc_hd__buf_2)
                  0.08    0.18    2.73 v _216_/X (sky130_fd_sc_hd__buf_2)
     8    0.03                           _108_ (net)
                  0.08    0.00    2.73 v _225_/S (sky130_fd_sc_hd__mux2_1)
                  0.05    0.33    3.06 v _225_/X (sky130_fd_sc_hd__mux2_1)
     1    0.00                           _113_ (net)
                  0.05    0.00    3.06 v hold20/A (sky130_fd_sc_hd__dlygate4sd3_1)
                  0.05    0.58    3.64 v hold20/X (sky130_fd_sc_hd__dlygate4sd3_1)
     1    0.00                           net30 (net)
                  0.05    0.00    3.64 v _226_/A (sky130_fd_sc_hd__clkbuf_1)
                  0.03    0.10    3.74 v _226_/X (sky130_fd_sc_hd__clkbuf_1)
     1    0.00                           _041_ (net)
                  0.03    0.00    3.74 v _281_/D (sky130_fd_sc_hd__dfrtp_1)
                                  3.74   data arrival time

                         10.00   10.00   clock scan_clk (rise edge)
                          0.00   10.00   clock source latency
                  0.07    0.04   10.04 ^ scan_clk (in)
     1    0.01                           scan_clk (net)
                  0.07    0.00   10.04 ^ clkbuf_0_scan_clk/A (sky130_fd_sc_hd__clkbuf_16)
                  0.06    0.14   10.18 ^ clkbuf_0_scan_clk/X (sky130_fd_sc_hd__clkbuf_16)
     4    0.04                           clknet_0_scan_clk (net)
                  0.06    0.00   10.18 ^ clkbuf_2_2__f_scan_clk/A (sky130_fd_sc_hd__clkbuf_16)
                  0.05    0.13   10.31 ^ clkbuf_2_2__f_scan_clk/X (sky130_fd_sc_hd__clkbuf_16)
    11    0.03                           clknet_2_2__leaf_scan_clk (net)
                  0.05    0.00   10.32 ^ _281_/CLK (sky130_fd_sc_hd__dfrtp_1)
                         -0.25   10.07   clock uncertainty
                          0.00   10.07   clock reconvergence pessimism
                         -0.11    9.96   library setup time
                                  9.96   data required time
-----------------------------------------------------------------------------
                                  9.96   data required time
                                 -3.74   data arrival time
-----------------------------------------------------------------------------
                                  6.22   slack (MET)




===========================================================================
report_checks --slack_max -0.01
============================================================================
======================= Typical Corner ===================================

No paths found.


===========================================================================
 report_check_types -max_slew -max_cap -max_fanout -violators
============================================================================
======================= Typical Corner ===================================

max fanout

Pin                                   Limit Fanout  Slack
---------------------------------------------------------
clkbuf_2_0__f_scan_clk/X                 10     13     -3 (VIOLATED)
clkbuf_2_1__f_scan_clk/X                 10     13     -3 (VIOLATED)
clkbuf_2_3__f_scan_clk/X                 10     12     -2 (VIOLATED)
clkbuf_2_2__f_scan_clk/X                 10     11        (VIOLATED)



===========================================================================
report_parasitic_annotation -report_unannotated
============================================================================
Found 254 unannotated drivers.
 reset_n
 scan_clk
 scan_in
 test_enable
 _120_/X
 _121_/Y
 _122_/X
 _123_/X
 _124_/X
 _125_/X
 _126_/X
 _127_/X
 _128_/X
 _129_/X
 _130_/Y
 _131_/X
 _132_/X
 _133_/Y
 _134_/X
 _135_/X
 _136_/Y
 _137_/Y
 _138_/X
 _139_/Y
 _140_/Y
 _141_/X
 _142_/X
 _143_/Y
 _144_/Y
 _145_/X
 _146_/X
 _147_/Y
 _148_/X
 _149_/X
 _150_/X
 _151_/X
 _152_/X
 _153_/X
 _154_/X
 _155_/X
 _156_/X
 _157_/Y
 _158_/X
 _159_/X
 _160_/X
 _161_/X
 _162_/X
 _163_/X
 _164_/X
 _165_/X
 _166_/X
 _167_/X
 _168_/X
 _169_/X
 _170_/X
 _171_/X
 _172_/X
 _173_/X
 _174_/X
 _175_/X
 _176_/X
 _177_/X
 _178_/Y
 _179_/X
 _180_/X
 _181_/X
 _182_/X
 _183_/X
 _184_/X
 _185_/X
 _186_/X
 _187_/X
 _188_/Y
 _189_/X
 _190_/X
 _191_/X
 _192_/X
 _193_/X
 _194_/X
 _195_/X
 _196_/X
 _197_/X
 _198_/X
 _199_/X
 _200_/X
 _201_/X
 _202_/X
 _203_/X
 _204_/X
 _205_/X
 _206_/X
 _207_/X
 _208_/Y
 _209_/X
 _210_/X
 _211_/X
 _212_/X
 _213_/X
 _214_/X
 _215_/X
 _216_/X
 _217_/X
 _218_/X
 _219_/X
 _220_/X
 _221_/X
 _222_/X
 _223_/X
 _224_/X
 _225_/X
 _226_/X
 _227_/X
 _228_/X
 _229_/X
 _230_/X
 _231_/X
 _232_/X
 _233_/X
 _234_/X
 _235_/X
 _236_/X
 _237_/X
 _238_/X
 _239_/X
 _240_/Q
 _241_/Q
 _242_/Q
 _243_/Q
 _244_/Q
 _245_/Q
 _246_/Q
 _247_/Q
 _248_/Q
 _249_/Q
 _250_/Q
 _251_/Q
 _252_/Q
 _253_/Q
 _254_/Q
 _255_/Q
 _256_/Q
 _257_/Q
 _258_/Q
 _259_/Q
 _260_/Q
 _261_/Q
 _262_/Q
 _263_/Q
 _264_/Q
 _265_/Q
 _266_/Q
 _267_/Q
 _268_/Q
 _269_/Q
 _270_/Q
 _271_/Q
 _272_/Q
 _273_/Q
 _274_/Q
 _275_/Q
 _276_/Q
 _277_/Q
 _278_/Q
 _279_/Q
 _280_/Q
 _281_/Q
 _282_/Q
 _283_/Q
 _284_/Q
 _285_/Q
 _286_/Q
 _287_/Q
 _288_/Q
 _289_/X
 _290_/X
 _291_/X
 _292_/X
 _293_/X
 _294_/X
 _295_/X
 _296_/X
 _297_/X
 _298_/X
 _299_/X
 _300_/X
 _301_/X
 _302_/X
 clkbuf_0_scan_clk/X
 clkbuf_2_0__f_scan_clk/X
 clkbuf_2_1__f_scan_clk/X
 clkbuf_2_2__f_scan_clk/X
 clkbuf_2_3__f_scan_clk/X
 fanout10/X
 fanout5/X
 fanout6/X
 fanout7/X
 fanout8/X
 fanout9/X
 hold1/X
 hold10/X
 hold11/X
 hold12/X
 hold13/X
 hold14/X
 hold15/X
 hold16/X
 hold17/X
 hold18/X
 hold19/X
 hold2/X
 hold20/X
 hold21/X
 hold22/X
 hold23/X
 hold24/X
 hold25/X
 hold26/X
 hold27/X
 hold28/X
 hold29/X
 hold3/X
 hold30/X
 hold31/X
 hold32/X
 hold33/X
 hold34/X
 hold35/X
 hold36/X
 hold37/X
 hold38/X
 hold39/X
 hold4/X
 hold40/X
 hold41/X
 hold42/X
 hold43/X
 hold44/X
 hold45/X
 hold46/X
 hold47/X
 hold48/X
 hold49/X
 hold5/X
 hold50/X
 hold51/X
 hold52/X
 hold6/X
 hold7/X
 hold8/X
 hold9/X
 input1/X
 input2/X
 input3/X
 output4/X
Found 0 partially unannotated drivers.

===========================================================================
max slew violation count 0
max fanout violation count 4
max cap violation count 0
============================================================================

===========================================================================
check_setup -verbose -unconstrained_endpoints -multiple_clock -no_clock -no_input_delay -loops -generated_clocks
===========================================================================
