
67. Printing statistics.

=== top_3d_jscan ===

   Number of wires:                187
   Number of wire bits:            187
   Number of public wires:          67
   Number of public wire bits:      67
   Number of memories:               0
   Number of memory bits:            0
   Number of processes:              0
   Number of cells:                183
     sky130_fd_sc_hd__a211o_2        2
     sky130_fd_sc_hd__a21bo_2        1
     sky130_fd_sc_hd__a21o_2         2
     sky130_fd_sc_hd__a21oi_2        1
     sky130_fd_sc_hd__and2_2         5
     sky130_fd_sc_hd__and3_2         4
     sky130_fd_sc_hd__and3b_2        2
     sky130_fd_sc_hd__and4_2         1
     sky130_fd_sc_hd__buf_1         37
     sky130_fd_sc_hd__buf_2         14
     sky130_fd_sc_hd__dfrtp_2       44
     sky130_fd_sc_hd__dfstp_2        2
     sky130_fd_sc_hd__dfxtp_2        3
     sky130_fd_sc_hd__inv_2          3
     sky130_fd_sc_hd__mux2_2        34
     sky130_fd_sc_hd__nand2_2        5
     sky130_fd_sc_hd__nor2_2         3
     sky130_fd_sc_hd__o2111a_2       2
     sky130_fd_sc_hd__o211a_2        1
     sky130_fd_sc_hd__o22a_2         3
     sky130_fd_sc_hd__or2_2          3
     sky130_fd_sc_hd__or2b_2         1
     sky130_fd_sc_hd__or3_2          2
     sky130_fd_sc_hd__xnor2_2        2
     sky130_fd_sc_hd__xor2_2         6

   Chip area for module '\top_3d_jscan': 2317.222400

