Instance name,  X location,  Y location,  Voltage 
FILLER_0_26_137, 71.93, 84.32, 1.79984
hold49, 71.93, 78.88, 1.79982
FILLER_0_24_136, 71.93, 78.88, 1.79982
FILLER_0_26_153, 71.93, 78.88, 1.79982
hold24, 71.93, 73.44, 1.79981
_169_, 71.93, 68, 1.79982
FILLER_0_20_137, 71.93, 68, 1.79982
FILLER_0_22_153, 71.93, 68, 1.79982
hold37, 71.93, 62.56, 1.79983
FILLER_0_19_153, 71.93, 62.56, 1.79983
FILLER_0_20_153, 71.93, 62.56, 1.79983
_219_, 71.93, 57.12, 1.79982
_220_, 71.93, 57.12, 1.79982
_278_, 71.93, 57.12, 1.79982
hold38, 71.93, 57.12, 1.79982
_221_, 71.93, 51.68, 1.7998
_279_, 71.93, 51.68, 1.7998
_223_, 71.93, 46.24, 1.79978
_227_, 71.93, 46.24, 1.79978
hold36, 71.93, 46.24, 1.79978
FILLER_0_12_136, 71.93, 46.24, 1.79978
_225_, 71.93, 40.8, 1.79975
_226_, 71.93, 40.8, 1.79975
_281_, 71.93, 40.8, 1.79975
hold19, 71.93, 40.8, 1.79975
hold20, 71.93, 40.8, 1.79975
_229_, 71.93, 35.36, 1.79976
_282_, 71.93, 35.36, 1.79976
FILLER_0_8_136, 71.93, 35.36, 1.79976
hold48, 71.93, 29.92, 1.79977
FILLER_0_7_149, 71.93, 29.92, 1.79977
hold46, 71.93, 24.48, 1.79978
FILLER_0_5_152, 71.93, 24.48, 1.79978
FILLER_0_2_136, 71.93, 19.04, 1.79977
FILLER_0_4_153, 71.93, 19.04, 1.79977
input3, 71.93, 13.6, 1.79978
FILLER_0_0_137, 71.93, 13.6, 1.79978
FILLER_0_0_151, 71.93, 13.6, 1.79978
FILLER_0_2_153, 71.93, 13.6, 1.79978
input2, 52.955, 84.32, 1.79983
_162_, 52.955, 78.88, 1.7998
hold16, 52.955, 78.88, 1.7998
hold34, 52.955, 78.88, 1.7998
FILLER_0_25_102, 52.955, 78.88, 1.7998
_165_, 52.955, 73.44, 1.79979
_257_, 52.955, 73.44, 1.79979
FILLER_0_24_112, 52.955, 73.44, 1.79979
_163_, 52.955, 68, 1.7998
_164_, 52.955, 68, 1.7998
hold35, 52.955, 68, 1.7998
hold41, 52.955, 68, 1.7998
FILLER_0_21_97, 52.955, 68, 1.7998
_260_, 52.955, 62.56, 1.79983
FILLER_0_18_96, 52.955, 62.56, 1.79983
FILLER_0_19_102, 52.955, 62.56, 1.79983
FILLER_0_20_109, 52.955, 62.56, 1.79983
_172_, 52.955, 57.12, 1.79981
_173_, 52.955, 57.12, 1.79981
_211_, 52.955, 57.12, 1.79981
_261_, 52.955, 57.12, 1.79981
fanout9, 52.955, 57.12, 1.79981
hold31, 52.955, 57.12, 1.79981
FILLER_0_17_104, 52.955, 57.12, 1.79981
clkbuf_2_3__f_scan_clk, 52.955, 51.68, 1.79977
_175_, 52.955, 46.24, 1.79975
_209_, 52.955, 46.24, 1.79975
_235_, 52.955, 46.24, 1.79975
_187_, 52.955, 40.8, 1.79975
_215_, 52.955, 40.8, 1.79975
_233_, 52.955, 40.8, 1.79975
_234_, 52.955, 40.8, 1.79975
FILLER_0_12_113, 52.955, 40.8, 1.79975
hold18, 52.955, 35.36, 1.79975
FILLER_0_9_108, 52.955, 35.36, 1.79975
FILLER_0_10_107, 52.955, 35.36, 1.79975
_125_, 52.955, 29.92, 1.79973
_181_, 52.955, 29.92, 1.79973
fanout10, 52.955, 29.92, 1.79973
clkbuf_2_2__f_scan_clk, 52.955, 29.92, 1.79973
FILLER_0_7_98, 52.955, 29.92, 1.79973
FILLER_0_7_109, 52.955, 29.92, 1.79973
_239_, 52.955, 24.48, 1.79977
hold9, 52.955, 24.48, 1.79977
hold21, 52.955, 24.48, 1.79977
_250_, 52.955, 19.04, 1.79974
_251_, 52.955, 19.04, 1.79974
FILLER_0_3_109, 52.955, 19.04, 1.79974
_122_, 52.955, 13.6, 1.79976
_124_, 52.955, 13.6, 1.79976
fanout8, 52.955, 13.6, 1.79976
hold8, 52.955, 13.6, 1.79976
FILLER_0_0_109, 52.955, 13.6, 1.79976
FILLER_0_1_109, 52.955, 13.6, 1.79976
FILLER_0_26_53, 33.98, 84.32, 1.79982
_192_, 33.98, 78.88, 1.79979
hold43, 33.98, 78.88, 1.79979
_189_, 33.98, 73.44, 1.79975
_190_, 33.98, 73.44, 1.79975
_254_, 33.98, 73.44, 1.79975
_266_, 33.98, 73.44, 1.79975
hold27, 33.98, 73.44, 1.79975
_191_, 33.98, 68, 1.79978
hold39, 33.98, 68, 1.79978
hold40, 33.98, 68, 1.79978
FILLER_0_21_52, 33.98, 68, 1.79978
_203_, 33.98, 62.56, 1.7998
FILLER_0_19_52, 33.98, 62.56, 1.7998
_183_, 33.98, 57.12, 1.79979
_184_, 33.98, 57.12, 1.79979
hold44, 33.98, 57.12, 1.79979
FILLER_0_17_72, 33.98, 57.12, 1.79979
_182_, 33.98, 51.68, 1.79977
_188_, 33.98, 51.68, 1.79977
FILLER_0_15_57, 33.98, 51.68, 1.79977
FILLER_0_16_71, 33.98, 51.68, 1.79977
_145_, 33.98, 46.24, 1.7997
_146_, 33.98, 46.24, 1.7997
_205_, 33.98, 46.24, 1.7997
_206_, 33.98, 46.24, 1.7997
FILLER_0_13_66, 33.98, 46.24, 1.7997
_149_, 33.98, 40.8, 1.79973
_150_, 33.98, 40.8, 1.79973
_249_, 33.98, 40.8, 1.79973
_144_, 33.98, 35.36, 1.79971
_212_, 33.98, 35.36, 1.79971
_214_, 33.98, 35.36, 1.79971
_276_, 33.98, 35.36, 1.79971
FILLER_0_8_53, 33.98, 35.36, 1.79971
FILLER_0_9_57, 33.98, 35.36, 1.79971
FILLER_0_9_64, 33.98, 35.36, 1.79971
_178_, 33.98, 29.92, 1.79974
_293_, 33.98, 29.92, 1.79974
hold7, 33.98, 29.92, 1.79974
_139_, 33.98, 24.48, 1.79976
hold15, 33.98, 24.48, 1.79976
_135_, 33.98, 19.04, 1.79973
_136_, 33.98, 19.04, 1.79973
_292_, 33.98, 19.04, 1.79973
hold10, 33.98, 19.04, 1.79973
hold12, 33.98, 19.04, 1.79973
FILLER_0_3_67, 33.98, 19.04, 1.79973
_245_, 33.98, 13.6, 1.79974
_291_, 33.98, 13.6, 1.79974
FILLER_0_0_53, 33.98, 13.6, 1.79974
FILLER_0_25_27, 15.005, 78.88, 1.79979
_197_, 15.005, 73.44, 1.79975
_269_, 15.005, 73.44, 1.79975
FILLER_0_24_21, 15.005, 73.44, 1.79975
_196_, 15.005, 68, 1.79976
_271_, 15.005, 68, 1.79976
FILLER_0_20_15, 15.005, 68, 1.79976
_156_, 15.005, 62.56, 1.79979
_200_, 15.005, 62.56, 1.79979
hold51, 15.005, 62.56, 1.79979
FILLER_0_19_27, 15.005, 62.56, 1.79979
FILLER_0_20_24, 15.005, 62.56, 1.79979
FILLER_0_20_29, 15.005, 62.56, 1.79979
_155_, 15.005, 57.12, 1.79979
FILLER_0_18_23, 15.005, 57.12, 1.79979
FILLER_0_18_29, 15.005, 57.12, 1.79979
_177_, 15.005, 51.68, 1.79976
_262_, 15.005, 51.68, 1.79976
hold2, 15.005, 51.68, 1.79976
FILLER_0_16_24, 15.005, 51.68, 1.79976
_274_, 15.005, 46.24, 1.79971
hold1, 15.005, 46.24, 1.79971
FILLER_0_13_11, 15.005, 46.24, 1.79971
_126_, 15.005, 40.8, 1.79973
_127_, 15.005, 40.8, 1.79973
hold4, 15.005, 40.8, 1.79973
FILLER_0_10_11, 15.005, 40.8, 1.79973
_296_, 15.005, 35.36, 1.79971
hold52, 15.005, 35.36, 1.79971
hold6, 15.005, 29.92, 1.79974
FILLER_0_7_25, 15.005, 29.92, 1.79974
_129_, 15.005, 24.48, 1.79976
_133_, 15.005, 24.48, 1.79976
fanout5, 15.005, 24.48, 1.79976
_131_, 15.005, 19.04, 1.79973
hold3, 15.005, 19.04, 1.79973
_299_, 15.005, 13.6, 1.79974
FILLER_0_0_18, 15.005, 13.6, 1.79974
PHY_52, 5.52, 84.32, 1.79981
PHY_53, 81.42, 84.32, 1.79984
FILLER_0_26_81, 43.467, 84.32, 1.79982
PHY_48, 5.52, 78.88, 1.79979
PHY_50, 5.52, 78.88, 1.79979
PHY_49, 81.42, 78.88, 1.79982
PHY_51, 81.42, 78.88, 1.79982
FILLER_0_25_157, 81.42, 78.88, 1.79982
hold32, 24.492, 78.88, 1.79978
hold42, 24.492, 78.88, 1.79978
hold45, 24.492, 78.88, 1.79978
FILLER_0_25_47, 24.492, 78.88, 1.79978
_302_, 43.467, 78.88, 1.79979
hold17, 43.467, 78.88, 1.79979
FILLER_0_25_81, 43.467, 78.88, 1.79979
FILLER_0_26_85, 43.467, 78.88, 1.79979
_258_, 62.442, 78.88, 1.7998
PHY_44, 5.52, 73.44, 1.79973
PHY_46, 5.52, 73.44, 1.79973
output4, 5.52, 73.44, 1.79973
PHY_45, 81.42, 73.44, 1.79981
PHY_47, 81.42, 73.44, 1.79981
_194_, 24.492, 73.44, 1.79973
_195_, 24.492, 73.44, 1.79973
_198_, 24.492, 73.44, 1.79973
_267_, 24.492, 73.44, 1.79973
_268_, 24.492, 73.44, 1.79973
_159_, 43.467, 73.44, 1.79976
_160_, 43.467, 73.44, 1.79976
_161_, 43.467, 73.44, 1.79976
_256_, 43.467, 73.44, 1.79976
FILLER_0_22_75, 43.467, 73.44, 1.79976
_166_, 62.442, 73.44, 1.79979
_259_, 62.442, 73.44, 1.79979
_270_, 5.52, 68, 1.79975
PHY_40, 5.52, 68, 1.79975
PHY_42, 5.52, 68, 1.79975
FILLER_0_22_3, 5.52, 68, 1.79975
PHY_41, 81.42, 68, 1.79982
PHY_43, 81.42, 68, 1.79982
FILLER_0_21_155, 81.42, 68, 1.79982
_193_, 24.492, 68, 1.79976
_199_, 24.492, 68, 1.79976
_201_, 24.492, 68, 1.79976
hold25, 24.492, 68, 1.79976
_158_, 43.467, 68, 1.79978
_255_, 43.467, 68, 1.79978
FILLER_0_20_81, 43.467, 68, 1.79978
FILLER_0_21_80, 43.467, 68, 1.79978
_167_, 62.442, 68, 1.7998
_168_, 62.442, 68, 1.7998
_170_, 62.442, 68, 1.7998
_171_, 62.442, 68, 1.7998
hold22, 62.442, 68, 1.7998
PHY_36, 5.52, 62.56, 1.79979
PHY_38, 5.52, 62.56, 1.79979
PHY_37, 81.42, 62.56, 1.79983
PHY_39, 81.42, 62.56, 1.79983
_202_, 24.492, 62.56, 1.79978
_272_, 24.492, 62.56, 1.79978
hold26, 24.492, 62.56, 1.79978
hold33, 24.492, 62.56, 1.79978
FILLER_0_18_79, 43.467, 62.56, 1.79982
hold23, 62.442, 62.56, 1.79982
hold30, 62.442, 62.56, 1.79982
_253_, 5.52, 57.12, 1.79977
PHY_32, 5.52, 57.12, 1.79977
PHY_34, 5.52, 57.12, 1.79977
FILLER_0_18_3, 5.52, 57.12, 1.79977
PHY_33, 81.42, 57.12, 1.79982
PHY_35, 81.42, 57.12, 1.79982
FILLER_0_17_157, 81.42, 57.12, 1.79982
_204_, 24.492, 57.12, 1.79978
_273_, 24.492, 57.12, 1.79978
FILLER_0_16_41, 24.492, 57.12, 1.79978
FILLER_0_17_48, 24.492, 57.12, 1.79978
FILLER_0_18_45, 24.492, 57.12, 1.79978
_152_, 43.467, 57.12, 1.79979
_252_, 43.467, 57.12, 1.79979
hold47, 43.467, 57.12, 1.79979
FILLER_0_18_85, 43.467, 57.12, 1.79979
_218_, 62.442, 57.12, 1.7998
_277_, 62.442, 57.12, 1.7998
FILLER_0_16_122, 62.442, 57.12, 1.7998
FILLER_0_18_133, 62.442, 57.12, 1.7998
PHY_28, 5.52, 51.68, 1.79976
PHY_30, 5.52, 51.68, 1.79976
FILLER_0_15_3, 5.52, 51.68, 1.79976
PHY_29, 81.42, 51.68, 1.7998
PHY_31, 81.42, 51.68, 1.7998
FILLER_0_15_155, 81.42, 51.68, 1.7998
_207_, 24.492, 51.68, 1.79975
_264_, 24.492, 51.68, 1.79975
fanout6, 24.492, 51.68, 1.79975
FILLER_0_15_50, 24.492, 51.68, 1.79975
_153_, 43.467, 51.68, 1.79975
_157_, 43.467, 51.68, 1.79975
_176_, 43.467, 51.68, 1.79975
_275_, 43.467, 51.68, 1.79975
_294_, 43.467, 51.68, 1.79975
_295_, 43.467, 51.68, 1.79975
hold50, 43.467, 51.68, 1.79975
_217_, 62.442, 51.68, 1.79978
_222_, 62.442, 51.68, 1.79978
FILLER_0_15_125, 62.442, 51.68, 1.79978
_154_, 5.52, 46.24, 1.7997
PHY_24, 5.52, 46.24, 1.7997
PHY_26, 5.52, 46.24, 1.7997
FILLER_0_13_3, 5.52, 46.24, 1.7997
FILLER_0_14_3, 5.52, 46.24, 1.7997
PHY_25, 81.42, 46.24, 1.79978
PHY_27, 81.42, 46.24, 1.79978
FILLER_0_12_158, 81.42, 46.24, 1.79978
_236_, 24.492, 46.24, 1.79966
clkbuf_2_1__f_scan_clk, 24.492, 46.24, 1.79966
hold5, 24.492, 46.24, 1.79966
FILLER_0_12_37, 24.492, 46.24, 1.79966
FILLER_0_13_49, 24.492, 46.24, 1.79966
_142_, 43.467, 46.24, 1.79967
_151_, 43.467, 46.24, 1.79967
_174_, 43.467, 46.24, 1.79967
_210_, 43.467, 46.24, 1.79967
clkbuf_0_scan_clk, 43.467, 46.24, 1.79967
_216_, 62.442, 46.24, 1.79975
_224_, 62.442, 46.24, 1.79975
_280_, 62.442, 46.24, 1.79975
FILLER_0_13_125, 62.442, 46.24, 1.79975
FILLER_0_14_133, 62.442, 46.24, 1.79975
_285_, 5.52, 40.8, 1.79972
PHY_20, 5.52, 40.8, 1.79972
PHY_22, 5.52, 40.8, 1.79972
FILLER_0_12_3, 5.52, 40.8, 1.79972
PHY_21, 81.42, 40.8, 1.79975
PHY_23, 81.42, 40.8, 1.79975
FILLER_0_11_159, 81.42, 40.8, 1.79975
_248_, 24.492, 40.8, 1.79972
_143_, 43.467, 40.8, 1.79972
_147_, 43.467, 40.8, 1.79972
_148_, 43.467, 40.8, 1.79972
hold13, 43.467, 40.8, 1.79972
hold14, 43.467, 40.8, 1.79972
FILLER_0_10_81, 43.467, 40.8, 1.79972
_231_, 62.442, 40.8, 1.79972
_232_, 62.442, 40.8, 1.79972
_284_, 62.442, 40.8, 1.79972
hold28, 62.442, 40.8, 1.79972
hold29, 62.442, 40.8, 1.79972
FILLER_0_10_115, 62.442, 40.8, 1.79972
_128_, 5.52, 35.36, 1.7997
_240_, 5.52, 35.36, 1.7997
PHY_16, 5.52, 35.36, 1.7997
PHY_18, 5.52, 35.36, 1.7997
FILLER_0_10_3, 5.52, 35.36, 1.7997
_228_, 81.42, 35.36, 1.79976
PHY_17, 81.42, 35.36, 1.79976
PHY_19, 81.42, 35.36, 1.79976
FILLER_0_9_159, 81.42, 35.36, 1.79976
_300_, 24.492, 35.36, 1.79967
clkbuf_2_0__f_scan_clk, 24.492, 35.36, 1.79967
_180_, 43.467, 35.36, 1.79971
_185_, 43.467, 35.36, 1.79971
_213_, 43.467, 35.36, 1.79971
_263_, 43.467, 35.36, 1.79971
_265_, 43.467, 35.36, 1.79971
_283_, 62.442, 35.36, 1.79975
_241_, 5.52, 29.92, 1.79973
PHY_12, 5.52, 29.92, 1.79973
PHY_14, 5.52, 29.92, 1.79973
FILLER_0_8_3, 5.52, 29.92, 1.79973
PHY_13, 81.42, 29.92, 1.79977
PHY_15, 81.42, 29.92, 1.79977
_247_, 24.492, 29.92, 1.79973
FILLER_0_6_41, 24.492, 29.92, 1.79973
FILLER_0_7_33, 24.492, 29.92, 1.79973
_179_, 43.467, 29.92, 1.79973
_186_, 43.467, 29.92, 1.79973
FILLER_0_6_79, 43.467, 29.92, 1.79973
FILLER_0_7_81, 43.467, 29.92, 1.79973
FILLER_0_8_85, 43.467, 29.92, 1.79973
_230_, 62.442, 29.92, 1.79975
FILLER_0_8_125, 62.442, 29.92, 1.79975
PHY_8, 5.52, 24.48, 1.79976
PHY_10, 5.52, 24.48, 1.79976
PHY_9, 81.42, 24.48, 1.79978
PHY_11, 81.42, 24.48, 1.79978
_138_, 24.492, 24.48, 1.79975
_140_, 24.492, 24.48, 1.79975
_141_, 24.492, 24.48, 1.79975
fanout7, 24.492, 24.48, 1.79975
FILLER_0_4_41, 24.492, 24.48, 1.79975
FILLER_0_6_51, 24.492, 24.48, 1.79975
_121_, 43.467, 24.48, 1.79976
_208_, 43.467, 24.48, 1.79976
_237_, 43.467, 24.48, 1.79976
FILLER_0_4_74, 43.467, 24.48, 1.79976
FILLER_0_5_82, 43.467, 24.48, 1.79976
FILLER_0_6_85, 43.467, 24.48, 1.79976
_123_, 62.442, 24.48, 1.79977
FILLER_0_6_133, 62.442, 24.48, 1.79977
_130_, 5.52, 19.04, 1.79971
_132_, 5.52, 19.04, 1.79971
_243_, 5.52, 19.04, 1.79971
PHY_4, 5.52, 19.04, 1.79971
PHY_6, 5.52, 19.04, 1.79971
FILLER_0_3_3, 5.52, 19.04, 1.79971
FILLER_0_4_3, 5.52, 19.04, 1.79971
PHY_5, 81.42, 19.04, 1.79977
PHY_7, 81.42, 19.04, 1.79977
_137_, 24.492, 19.04, 1.79972
_246_, 24.492, 19.04, 1.79972
_298_, 24.492, 19.04, 1.79972
FILLER_0_2_33, 24.492, 19.04, 1.79972
FILLER_0_2_41, 24.492, 19.04, 1.79972
FILLER_0_3_39, 24.492, 19.04, 1.79972
_120_, 43.467, 19.04, 1.79972
_238_, 43.467, 19.04, 1.79972
_286_, 43.467, 19.04, 1.79972
_288_, 43.467, 19.04, 1.79972
_289_, 43.467, 19.04, 1.79972
_290_, 62.442, 19.04, 1.79975
hold11, 62.442, 19.04, 1.79975
_242_, 5.52, 13.6, 1.79973
PHY_0, 5.52, 13.6, 1.79973
PHY_2, 5.52, 13.6, 1.79973
input1, 5.52, 13.6, 1.79973
FILLER_0_2_3, 5.52, 13.6, 1.79973
PHY_1, 81.42, 13.6, 1.79978
PHY_3, 81.42, 13.6, 1.79978
FILLER_0_0_159, 81.42, 13.6, 1.79978
FILLER_0_1_155, 81.42, 13.6, 1.79978
_134_, 24.492, 13.6, 1.79974
_244_, 24.492, 13.6, 1.79974
FILLER_0_1_51, 24.492, 13.6, 1.79974
_287_, 43.467, 13.6, 1.79975
FILLER_0_0_81, 43.467, 13.6, 1.79975
FILLER_0_1_89, 43.467, 13.6, 1.79975
FILLER_0_2_85, 43.467, 13.6, 1.79975
_297_, 62.442, 13.6, 1.79977
_301_, 62.442, 13.6, 1.79977
FILLER_0_2_129, 62.442, 13.6, 1.79977

