Instance name,  X location,  Y location,  Voltage 
FILLER_0_26_153, 75.23, 81.6, 0.000215759
hold24, 75.23, 76.16, 0.000235384
FILLER_0_25_157, 75.23, 76.16, 0.000235384
FILLER_0_22_153, 75.23, 70.72, 0.000234294
FILLER_0_20_153, 75.23, 65.28, 0.000221955
FILLER_0_21_155, 75.23, 65.28, 0.000221955
_219_, 75.23, 59.84, 0.00024087
_220_, 75.23, 59.84, 0.00024087
hold38, 75.23, 59.84, 0.00024087
FILLER_0_19_153, 75.23, 59.84, 0.00024087
FILLER_0_17_157, 75.23, 54.4, 0.000215513
_221_, 75.23, 48.96, 0.000236898
_223_, 75.23, 48.96, 0.000236898
FILLER_0_15_155, 75.23, 48.96, 0.000236898
_225_, 75.23, 43.52, 0.000228173
hold19, 75.23, 43.52, 0.000228173
hold20, 75.23, 43.52, 0.000228173
hold36, 75.23, 43.52, 0.000228173
FILLER_0_12_158, 75.23, 43.52, 0.000228173
_229_, 75.23, 38.08, 0.000209796
_228_, 75.23, 32.64, 0.000195083
FILLER_0_7_149, 75.23, 32.64, 0.000195083
hold46, 75.23, 27.2, 0.000210944
hold48, 75.23, 27.2, 0.000210944
FILLER_0_4_153, 75.23, 21.76, 0.000189038
FILLER_0_5_152, 75.23, 21.76, 0.000189038
FILLER_0_2_153, 75.23, 16.32, 0.000190446
FILLER_0_0_151, 75.23, 10.88, 0.000183476
FILLER_0_1_155, 75.23, 10.88, 0.000183476
FILLER_0_25_102, 56.255, 81.6, 0.000221375
_162_, 56.255, 76.16, 0.000254871
_165_, 56.255, 76.16, 0.000254871
_258_, 56.255, 76.16, 0.000254871
hold34, 56.255, 76.16, 0.000254871
FILLER_0_24_112, 56.255, 76.16, 0.000254871
_163_, 56.255, 70.72, 0.000270099
_164_, 56.255, 70.72, 0.000270099
_257_, 56.255, 70.72, 0.000270099
_259_, 56.255, 70.72, 0.000270099
hold41, 56.255, 70.72, 0.000270099
_167_, 56.255, 65.28, 0.000230729
_170_, 56.255, 65.28, 0.000230729
_171_, 56.255, 65.28, 0.000230729
hold35, 56.255, 65.28, 0.000230729
FILLER_0_19_102, 56.255, 65.28, 0.000230729
FILLER_0_20_109, 56.255, 65.28, 0.000230729
_172_, 56.255, 59.84, 0.000246492
_173_, 56.255, 59.84, 0.000246492
_260_, 56.255, 59.84, 0.000246492
hold31, 56.255, 59.84, 0.000246492
FILLER_0_17_104, 56.255, 59.84, 0.000246492
_261_, 56.255, 54.4, 0.00022853
_175_, 56.255, 48.96, 0.000292565
clkbuf_2_3__f_scan_clk, 56.255, 48.96, 0.000292565
_209_, 56.255, 43.52, 0.000212904
_215_, 56.255, 43.52, 0.000212904
_233_, 56.255, 43.52, 0.000212904
FILLER_0_12_113, 56.255, 43.52, 0.000212904
_187_, 56.255, 38.08, 0.000225677
_232_, 56.255, 38.08, 0.000225677
_284_, 56.255, 38.08, 0.000225677
FILLER_0_9_108, 56.255, 38.08, 0.000225677
FILLER_0_10_107, 56.255, 38.08, 0.000225677
FILLER_0_10_115, 56.255, 38.08, 0.000225677
_181_, 56.255, 32.64, 0.000197647
fanout10, 56.255, 32.64, 0.000197647
hold18, 56.255, 32.64, 0.000197647
FILLER_0_7_109, 56.255, 32.64, 0.000197647
clkbuf_2_2__f_scan_clk, 56.255, 27.2, 0.000229639
hold21, 56.255, 27.2, 0.000229639
_251_, 56.255, 21.76, 0.000202854
hold9, 56.255, 21.76, 0.000202854
FILLER_0_3_109, 56.255, 21.76, 0.000202854
_250_, 56.255, 16.32, 0.000202979
fanout8, 56.255, 16.32, 0.000202979
hold8, 56.255, 16.32, 0.000202979
hold11, 56.255, 16.32, 0.000202979
FILLER_0_1_109, 56.255, 16.32, 0.000202979
_124_, 56.255, 10.88, 0.000184113
FILLER_0_0_109, 56.255, 10.88, 0.000184113
hold43, 37.28, 81.6, 0.000226619
_189_, 37.28, 76.16, 0.000256398
_190_, 37.28, 76.16, 0.000256398
_302_, 37.28, 76.16, 0.000256398
hold27, 37.28, 76.16, 0.000256398
_191_, 37.28, 70.72, 0.000268962
_254_, 37.28, 70.72, 0.000268962
FILLER_0_22_75, 37.28, 70.72, 0.000268962
hold39, 37.28, 65.28, 0.000221166
_183_, 37.28, 59.84, 0.000230156
hold44, 37.28, 59.84, 0.000230156
FILLER_0_18_79, 37.28, 59.84, 0.000230156
_152_, 37.28, 54.4, 0.000223633
_182_, 37.28, 54.4, 0.000223633
_188_, 37.28, 54.4, 0.000223633
_252_, 37.28, 54.4, 0.000223633
FILLER_0_16_71, 37.28, 54.4, 0.000223633
FILLER_0_17_72, 37.28, 54.4, 0.000223633
_176_, 37.28, 48.96, 0.000274716
_205_, 37.28, 48.96, 0.000274716
_206_, 37.28, 48.96, 0.000274716
_294_, 37.28, 48.96, 0.000274716
FILLER_0_13_66, 37.28, 48.96, 0.000274716
_142_, 37.28, 43.52, 0.00019789
_149_, 37.28, 43.52, 0.00019789
_174_, 37.28, 43.52, 0.00019789
_212_, 37.28, 38.08, 0.000227144
_214_, 37.28, 38.08, 0.000227144
_276_, 37.28, 38.08, 0.000227144
hold14, 37.28, 38.08, 0.000227144
FILLER_0_9_64, 37.28, 38.08, 0.000227144
_213_, 37.28, 32.64, 0.00017904
_293_, 37.28, 32.64, 0.00017904
_178_, 37.28, 27.2, 0.000196354
hold15, 37.28, 27.2, 0.000196354
FILLER_0_6_79, 37.28, 27.2, 0.000196354
_135_, 37.28, 21.76, 0.000199197
_292_, 37.28, 21.76, 0.000199197
hold10, 37.28, 21.76, 0.000199197
FILLER_0_3_67, 37.28, 21.76, 0.000199197
FILLER_0_4_74, 37.28, 21.76, 0.000199197
_120_, 37.28, 16.32, 0.000199568
_289_, 37.28, 16.32, 0.000199568
_291_, 37.28, 16.32, 0.000199568
hold12, 37.28, 16.32, 0.000199568
FILLER_0_25_27, 18.305, 81.6, 0.00022311
_197_, 18.305, 76.16, 0.000271792
_269_, 18.305, 76.16, 0.000271792
hold42, 18.305, 76.16, 0.000271792
hold45, 18.305, 76.16, 0.000271792
FILLER_0_24_21, 18.305, 76.16, 0.000271792
_195_, 18.305, 70.72, 0.000282279
_196_, 18.305, 70.72, 0.000282279
_198_, 18.305, 70.72, 0.000282279
_268_, 18.305, 70.72, 0.000282279
_271_, 18.305, 70.72, 0.000282279
_199_, 18.305, 65.28, 0.000225416
_200_, 18.305, 65.28, 0.000225416
_201_, 18.305, 65.28, 0.000225416
FILLER_0_19_27, 18.305, 65.28, 0.000225416
FILLER_0_20_15, 18.305, 65.28, 0.000225416
FILLER_0_20_24, 18.305, 65.28, 0.000225416
FILLER_0_20_29, 18.305, 65.28, 0.000225416
_156_, 18.305, 59.84, 0.000240795
_202_, 18.305, 59.84, 0.000240795
_272_, 18.305, 59.84, 0.000240795
hold26, 18.305, 59.84, 0.000240795
FILLER_0_18_23, 18.305, 59.84, 0.000240795
FILLER_0_18_29, 18.305, 59.84, 0.000240795
_155_, 18.305, 54.4, 0.000218108
FILLER_0_16_24, 18.305, 54.4, 0.000218108
_207_, 18.305, 48.96, 0.000279428
_274_, 18.305, 48.96, 0.000279428
fanout6, 18.305, 48.96, 0.000279428
hold1, 18.305, 48.96, 0.000279428
hold2, 18.305, 48.96, 0.000279428
hold4, 18.305, 43.52, 0.000203537
hold5, 18.305, 43.52, 0.000203537
FILLER_0_12_37, 18.305, 43.52, 0.000203537
_126_, 18.305, 38.08, 0.000216479
_127_, 18.305, 38.08, 0.000216479
_296_, 18.305, 38.08, 0.000216479
_300_, 18.305, 32.64, 0.000189796
hold6, 18.305, 32.64, 0.000189796
hold52, 18.305, 32.64, 0.000189796
FILLER_0_7_25, 18.305, 32.64, 0.000189796
_129_, 18.305, 27.2, 0.000194701
_247_, 18.305, 27.2, 0.000194701
FILLER_0_7_33, 18.305, 27.2, 0.000194701
fanout5, 18.305, 21.76, 0.000198049
fanout7, 18.305, 21.76, 0.000198049
hold3, 18.305, 21.76, 0.000198049
_131_, 18.305, 16.32, 0.000209751
_298_, 18.305, 16.32, 0.000209751
_299_, 18.305, 16.32, 0.000209751
FILLER_0_2_33, 18.305, 16.32, 0.000209751
FILLER_0_0_18, 18.305, 10.88, 0.000182318
PHY_50, 5.52, 81.6, 0.00022311
PHY_52, 5.52, 81.6, 0.00022311
PHY_51, 81.42, 81.6, 0.000215759
PHY_53, 81.42, 81.6, 0.000215759
hold32, 27.792, 81.6, 0.00022917
FILLER_0_25_47, 27.792, 81.6, 0.00022917
FILLER_0_26_53, 27.792, 81.6, 0.00022917
input2, 46.767, 81.6, 0.000228713
hold17, 46.767, 81.6, 0.000228713
FILLER_0_25_81, 46.767, 81.6, 0.000228713
FILLER_0_26_81, 46.767, 81.6, 0.000228713
FILLER_0_26_85, 46.767, 81.6, 0.000228713
FILLER_0_26_137, 65.742, 81.6, 0.000218567
PHY_46, 5.52, 76.16, 0.000288936
PHY_48, 5.52, 76.16, 0.000288936
output4, 5.52, 76.16, 0.000288936
PHY_47, 81.42, 76.16, 0.000235384
PHY_49, 81.42, 76.16, 0.000235384
_192_, 27.792, 76.16, 0.000274863
_194_, 27.792, 76.16, 0.000274863
_267_, 27.792, 76.16, 0.000274863
_159_, 46.767, 76.16, 0.000265222
_160_, 46.767, 76.16, 0.000265222
_161_, 46.767, 76.16, 0.000265222
hold16, 46.767, 76.16, 0.000265222
hold49, 65.742, 76.16, 0.000248672
FILLER_0_24_136, 65.742, 76.16, 0.000248672
_270_, 5.52, 70.72, 0.000303351
PHY_42, 5.52, 70.72, 0.000303351
PHY_44, 5.52, 70.72, 0.000303351
FILLER_0_22_3, 5.52, 70.72, 0.000303351
PHY_43, 81.42, 70.72, 0.000234294
PHY_45, 81.42, 70.72, 0.000234294
_193_, 27.792, 70.72, 0.00028948
_266_, 27.792, 70.72, 0.00028948
hold25, 27.792, 70.72, 0.00028948
_158_, 46.767, 70.72, 0.000287815
_255_, 46.767, 70.72, 0.000287815
_256_, 46.767, 70.72, 0.000287815
FILLER_0_21_80, 46.767, 70.72, 0.000287815
_166_, 65.742, 70.72, 0.000256927
_168_, 65.742, 70.72, 0.000256927
PHY_38, 5.52, 65.28, 0.000225416
PHY_40, 5.52, 65.28, 0.000225416
PHY_39, 81.42, 65.28, 0.000221955
PHY_41, 81.42, 65.28, 0.000221955
hold33, 27.792, 65.28, 0.000231791
hold40, 27.792, 65.28, 0.000231791
FILLER_0_21_52, 27.792, 65.28, 0.000231791
FILLER_0_20_81, 46.767, 65.28, 0.000225947
FILLER_0_21_97, 46.767, 65.28, 0.000225947
_169_, 65.742, 65.28, 0.000236179
hold22, 65.742, 65.28, 0.000236179
hold23, 65.742, 65.28, 0.000236179
FILLER_0_20_137, 65.742, 65.28, 0.000236179
PHY_34, 5.52, 59.84, 0.000247157
PHY_36, 5.52, 59.84, 0.000247157
hold51, 5.52, 59.84, 0.000247157
FILLER_0_18_3, 5.52, 59.84, 0.000247157
PHY_35, 81.42, 59.84, 0.00024087
PHY_37, 81.42, 59.84, 0.00024087
_203_, 27.792, 59.84, 0.000247621
_204_, 27.792, 59.84, 0.000247621
_273_, 27.792, 59.84, 0.000247621
FILLER_0_17_48, 27.792, 59.84, 0.000247621
FILLER_0_18_45, 27.792, 59.84, 0.000247621
FILLER_0_19_52, 27.792, 59.84, 0.000247621
hold47, 46.767, 59.84, 0.000242051
FILLER_0_18_85, 46.767, 59.84, 0.000242051
FILLER_0_18_96, 46.767, 59.84, 0.000242051
_218_, 65.742, 59.84, 0.000260837
_277_, 65.742, 59.84, 0.000260837
hold30, 65.742, 59.84, 0.000260837
hold37, 65.742, 59.84, 0.000260837
FILLER_0_18_133, 65.742, 59.84, 0.000260837
_253_, 5.52, 54.4, 0.000237454
PHY_30, 5.52, 54.4, 0.000237454
PHY_32, 5.52, 54.4, 0.000237454
PHY_31, 81.42, 54.4, 0.000215513
PHY_33, 81.42, 54.4, 0.000215513
_184_, 27.792, 54.4, 0.000230804
_264_, 27.792, 54.4, 0.000230804
FILLER_0_16_41, 27.792, 54.4, 0.000230804
_153_, 46.767, 54.4, 0.000238127
_157_, 46.767, 54.4, 0.000238127
_211_, 46.767, 54.4, 0.000238127
_295_, 46.767, 54.4, 0.000238127
fanout9, 46.767, 54.4, 0.000238127
hold50, 46.767, 54.4, 0.000238127
_217_, 65.742, 54.4, 0.000233497
_222_, 65.742, 54.4, 0.000233497
_278_, 65.742, 54.4, 0.000233497
FILLER_0_15_125, 65.742, 54.4, 0.000233497
FILLER_0_16_122, 65.742, 54.4, 0.000233497
_154_, 5.52, 48.96, 0.0003116
_177_, 5.52, 48.96, 0.0003116
_262_, 5.52, 48.96, 0.0003116
PHY_26, 5.52, 48.96, 0.0003116
PHY_28, 5.52, 48.96, 0.0003116
FILLER_0_14_3, 5.52, 48.96, 0.0003116
FILLER_0_15_3, 5.52, 48.96, 0.0003116
PHY_27, 81.42, 48.96, 0.000236898
PHY_29, 81.42, 48.96, 0.000236898
_236_, 27.792, 48.96, 0.000316297
clkbuf_2_1__f_scan_clk, 27.792, 48.96, 0.000316297
FILLER_0_15_50, 27.792, 48.96, 0.000316297
FILLER_0_15_57, 27.792, 48.96, 0.000316297
_151_, 46.767, 48.96, 0.000332922
_210_, 46.767, 48.96, 0.000332922
_275_, 46.767, 48.96, 0.000332922
clkbuf_0_scan_clk, 46.767, 48.96, 0.000332922
_279_, 65.742, 48.96, 0.000272333
FILLER_0_13_125, 65.742, 48.96, 0.000272333
FILLER_0_14_133, 65.742, 48.96, 0.000272333
_285_, 5.52, 43.52, 0.000225757
PHY_22, 5.52, 43.52, 0.000225757
PHY_24, 5.52, 43.52, 0.000225757
FILLER_0_12_3, 5.52, 43.52, 0.000225757
FILLER_0_13_3, 5.52, 43.52, 0.000225757
FILLER_0_13_11, 5.52, 43.52, 0.000225757
PHY_23, 81.42, 43.52, 0.000228173
PHY_25, 81.42, 43.52, 0.000228173
FILLER_0_11_159, 81.42, 43.52, 0.000228173
_145_, 27.792, 43.52, 0.000215804
_146_, 27.792, 43.52, 0.000215804
_248_, 27.792, 43.52, 0.000215804
FILLER_0_13_49, 27.792, 43.52, 0.000215804
_143_, 46.767, 43.52, 0.000220335
_147_, 46.767, 43.52, 0.000220335
_148_, 46.767, 43.52, 0.000220335
_235_, 46.767, 43.52, 0.000220335
_216_, 65.742, 43.52, 0.000244937
_224_, 65.742, 43.52, 0.000244937
_227_, 65.742, 43.52, 0.000244937
_231_, 65.742, 43.52, 0.000244937
_280_, 65.742, 43.52, 0.000244937
hold28, 65.742, 43.52, 0.000244937
hold29, 65.742, 43.52, 0.000244937
FILLER_0_12_136, 65.742, 43.52, 0.000244937
PHY_18, 5.52, 38.08, 0.000216479
PHY_20, 5.52, 38.08, 0.000216479
FILLER_0_10_3, 5.52, 38.08, 0.000216479
FILLER_0_10_11, 5.52, 38.08, 0.000216479
PHY_19, 81.42, 38.08, 0.000209796
PHY_21, 81.42, 38.08, 0.000209796
FILLER_0_9_159, 81.42, 38.08, 0.000209796
_150_, 27.792, 38.08, 0.000271848
_249_, 27.792, 38.08, 0.000271848
clkbuf_2_0__f_scan_clk, 27.792, 38.08, 0.000271848
_180_, 46.767, 38.08, 0.000245702
_185_, 46.767, 38.08, 0.000245702
_234_, 46.767, 38.08, 0.000245702
_265_, 46.767, 38.08, 0.000245702
hold13, 46.767, 38.08, 0.000245702
FILLER_0_10_81, 46.767, 38.08, 0.000245702
_226_, 65.742, 38.08, 0.000235438
_281_, 65.742, 38.08, 0.000235438
_283_, 65.742, 38.08, 0.000235438
_128_, 5.52, 32.64, 0.000224596
_240_, 5.52, 32.64, 0.000224596
_241_, 5.52, 32.64, 0.000224596
PHY_14, 5.52, 32.64, 0.000224596
PHY_16, 5.52, 32.64, 0.000224596
FILLER_0_8_3, 5.52, 32.64, 0.000224596
PHY_15, 81.42, 32.64, 0.000195083
PHY_17, 81.42, 32.64, 0.000195083
_144_, 27.792, 32.64, 0.000184859
FILLER_0_8_53, 27.792, 32.64, 0.000184859
FILLER_0_9_57, 27.792, 32.64, 0.000184859
_186_, 46.767, 32.64, 0.000199459
_263_, 46.767, 32.64, 0.000199459
FILLER_0_7_81, 46.767, 32.64, 0.000199459
FILLER_0_8_85, 46.767, 32.64, 0.000199459
_230_, 65.742, 32.64, 0.00020567
_282_, 65.742, 32.64, 0.00020567
FILLER_0_8_125, 65.742, 32.64, 0.00020567
FILLER_0_8_136, 65.742, 32.64, 0.00020567
PHY_10, 5.52, 27.2, 0.000194701
PHY_12, 5.52, 27.2, 0.000194701
PHY_11, 81.42, 27.2, 0.000210944
PHY_13, 81.42, 27.2, 0.000210944
_140_, 27.792, 27.2, 0.000202562
_141_, 27.792, 27.2, 0.000202562
hold7, 27.792, 27.2, 0.000202562
FILLER_0_6_41, 27.792, 27.2, 0.000202562
FILLER_0_6_51, 27.792, 27.2, 0.000202562
_121_, 46.767, 27.2, 0.000215183
_125_, 46.767, 27.2, 0.000215183
_179_, 46.767, 27.2, 0.000215183
_237_, 46.767, 27.2, 0.000215183
FILLER_0_5_82, 46.767, 27.2, 0.000215183
FILLER_0_6_85, 46.767, 27.2, 0.000215183
FILLER_0_7_98, 46.767, 27.2, 0.000215183
_123_, 65.742, 27.2, 0.000221327
FILLER_0_6_133, 65.742, 27.2, 0.000221327
_132_, 5.52, 21.76, 0.000202437
_133_, 5.52, 21.76, 0.000202437
PHY_6, 5.52, 21.76, 0.000202437
PHY_8, 5.52, 21.76, 0.000202437
FILLER_0_4_3, 5.52, 21.76, 0.000202437
PHY_7, 81.42, 21.76, 0.000189038
PHY_9, 81.42, 21.76, 0.000189038
_138_, 27.792, 21.76, 0.00021023
_139_, 27.792, 21.76, 0.00021023
_246_, 27.792, 21.76, 0.00021023
FILLER_0_3_39, 27.792, 21.76, 0.00021023
FILLER_0_4_41, 27.792, 21.76, 0.00021023
_208_, 46.767, 21.76, 0.000215804
_238_, 46.767, 21.76, 0.000215804
_239_, 46.767, 21.76, 0.000215804
_286_, 46.767, 21.76, 0.000215804
_288_, 46.767, 21.76, 0.000215804
_130_, 5.52, 16.32, 0.000245566
_242_, 5.52, 16.32, 0.000245566
_243_, 5.52, 16.32, 0.000245566
PHY_2, 5.52, 16.32, 0.000245566
PHY_4, 5.52, 16.32, 0.000245566
FILLER_0_2_3, 5.52, 16.32, 0.000245566
FILLER_0_3_3, 5.52, 16.32, 0.000245566
PHY_3, 81.42, 16.32, 0.000190446
PHY_5, 81.42, 16.32, 0.000190446
_134_, 27.792, 16.32, 0.000212933
_136_, 27.792, 16.32, 0.000212933
_137_, 27.792, 16.32, 0.000212933
_244_, 27.792, 16.32, 0.000212933
FILLER_0_2_41, 27.792, 16.32, 0.000212933
_287_, 46.767, 16.32, 0.00020712
FILLER_0_1_89, 46.767, 16.32, 0.00020712
FILLER_0_2_85, 46.767, 16.32, 0.00020712
_290_, 65.742, 16.32, 0.000198154
_297_, 65.742, 16.32, 0.000198154
_301_, 65.742, 16.32, 0.000198154
FILLER_0_2_129, 65.742, 16.32, 0.000198154
FILLER_0_2_136, 65.742, 16.32, 0.000198154
PHY_0, 5.52, 10.88, 0.000183314
input1, 5.52, 10.88, 0.000183314
PHY_1, 81.42, 10.88, 0.000183476
FILLER_0_0_159, 81.42, 10.88, 0.000183476
_245_, 27.792, 10.88, 0.000188558
FILLER_0_0_53, 27.792, 10.88, 0.000188558
FILLER_0_1_51, 27.792, 10.88, 0.000188558
_122_, 46.767, 10.88, 0.000183154
FILLER_0_0_81, 46.767, 10.88, 0.000183154
input3, 65.742, 10.88, 0.000184509
FILLER_0_0_137, 65.742, 10.88, 0.000184509

